2022-08-10 19:15:09,893 [INFO] Activator:177 - 


2022-08-10 19:15:09,893 [INFO] Activator:178 - !SESSION log4j initialized
2022-08-10 19:15:28,421 [INFO] McuFinderGlobals:44 - Set McuFinder mode to 2 (CubeIDE integrated)
2022-08-10 19:15:28,796 [INFO] ApplicationProperties:181 - Using Application install path: C:\ST\STM32CubeIDE_1.10.1\STM32CubeIDE\plugins\com.st.stm32cube.common.mx_6.6.1.202207061420
2022-08-10 19:15:28,811 [INFO] DbMcusXml:77 - Set database path to: C:\ST\STM32CubeIDE_1.10.1\STM32CubeIDE\plugins\com.st.stm32cube.common.mx_6.6.1.202207061420\\db\/mcu/
2022-08-10 19:15:28,811 [INFO] ApiDb:269 - Set plugin database path to: C:\ST\STM32CubeIDE_1.10.1\STM32CubeIDE\plugins\com.st.stm32cube.common.mx_6.6.1.202207061420\\db\/plugins/boardmanager/
2022-08-10 19:15:28,827 [WARN] ApiDb:254 - Overriding images path with different value:  => C:\ST\STM32CubeIDE_1.10.1\STM32CubeIDE\plugins\com.st.stm32cube.common.mx_6.6.1.202207061420\\db\/plugins/mcufinder/images/
2022-08-10 19:15:30,062 [ERROR] ApiFinderProperties:228 - Failed to read file additional_hw_images/X-NUCLEO-S2915A1.jpg: C:\Users\ofith\.stmcufinder\plugins\mcufinder\mcu\additional_hw_images\X-NUCLEO-S2915A1.jpg (The system cannot find the path specified)
2022-08-10 19:15:30,062 [ERROR] ApiFinderProperties:228 - Failed to read file additional_hw_images/X-NUCLEO-S2868A2.jpg: C:\Users\ofith\.stmcufinder\plugins\mcufinder\mcu\additional_hw_images\X-NUCLEO-S2868A2.jpg (The system cannot find the path specified)
2022-08-10 19:15:30,062 [ERROR] ApiFinderProperties:228 - Failed to read file additional_hw_images/X-NUCLEO-S2868A1.jpg: C:\Users\ofith\.stmcufinder\plugins\mcufinder\mcu\additional_hw_images\X-NUCLEO-S2868A1.jpg (The system cannot find the path specified)
2022-08-10 19:15:30,062 [ERROR] ApiFinderProperties:228 - Failed to read file additional_hw_images/X-NUCLEO-NFC07A1.jpg: C:\Users\ofith\.stmcufinder\plugins\mcufinder\mcu\additional_hw_images\X-NUCLEO-NFC07A1.jpg (The system cannot find the path specified)
2022-08-10 19:15:30,078 [ERROR] ApiFinderProperties:228 - Failed to read file additional_hw_images/X-NUCLEO-NFC04A1.jpg: C:\Users\ofith\.stmcufinder\plugins\mcufinder\mcu\additional_hw_images\X-NUCLEO-NFC04A1.jpg (The system cannot find the path specified)
2022-08-10 19:15:30,078 [ERROR] ApiFinderProperties:228 - Failed to read file additional_hw_images/X-NUCLEO-IKS02A1.jpg: C:\Users\ofith\.stmcufinder\plugins\mcufinder\mcu\additional_hw_images\X-NUCLEO-IKS02A1.jpg (The system cannot find the path specified)
2022-08-10 19:15:30,078 [ERROR] ApiFinderProperties:228 - Failed to read file additional_hw_images/X-NUCLEO-IKS01A3.jpg: C:\Users\ofith\.stmcufinder\plugins\mcufinder\mcu\additional_hw_images\X-NUCLEO-IKS01A3.jpg (The system cannot find the path specified)
2022-08-10 19:15:30,078 [ERROR] ApiFinderProperties:228 - Failed to read file additional_hw_images/X-NUCLEO-IKS01A2.jpg: C:\Users\ofith\.stmcufinder\plugins\mcufinder\mcu\additional_hw_images\X-NUCLEO-IKS01A2.jpg (The system cannot find the path specified)
2022-08-10 19:15:30,093 [ERROR] ApiFinderProperties:228 - Failed to read file additional_hw_images/X-NUCLEO-IDB05A2.jpg: C:\Users\ofith\.stmcufinder\plugins\mcufinder\mcu\additional_hw_images\X-NUCLEO-IDB05A2.jpg (The system cannot find the path specified)
2022-08-10 19:15:30,093 [ERROR] ApiFinderProperties:228 - Failed to read file additional_hw_images/X-NUCLEO-GNSS1A1.jpg: C:\Users\ofith\.stmcufinder\plugins\mcufinder\mcu\additional_hw_images\X-NUCLEO-GNSS1A1.jpg (The system cannot find the path specified)
2022-08-10 19:15:30,093 [ERROR] ApiFinderProperties:228 - Failed to read file additional_hw_images/X-NUCLEO-EEPRMA2.jpg: C:\Users\ofith\.stmcufinder\plugins\mcufinder\mcu\additional_hw_images\X-NUCLEO-EEPRMA2.jpg (The system cannot find the path specified)
2022-08-10 19:15:30,093 [ERROR] ApiFinderProperties:228 - Failed to read file additional_hw_images/X-NUCLEO-EEPRMA1.jpg: C:\Users\ofith\.stmcufinder\plugins\mcufinder\mcu\additional_hw_images\X-NUCLEO-EEPRMA1.jpg (The system cannot find the path specified)
2022-08-10 19:15:30,093 [ERROR] ApiFinderProperties:228 - Failed to read file additional_hw_images/X-NUCLEO-BNRG2A1.jpg: C:\Users\ofith\.stmcufinder\plugins\mcufinder\mcu\additional_hw_images\X-NUCLEO-BNRG2A1.jpg (The system cannot find the path specified)
2022-08-10 19:15:30,093 [ERROR] ApiFinderProperties:228 - Failed to read file additional_hw_images/X-NUCLEO-6283A1.jpg: C:\Users\ofith\.stmcufinder\plugins\mcufinder\mcu\additional_hw_images\X-NUCLEO-6283A1.jpg (The system cannot find the path specified)
2022-08-10 19:15:30,093 [ERROR] ApiFinderProperties:228 - Failed to read file additional_hw_images/VD6283TX.jpg: C:\Users\ofith\.stmcufinder\plugins\mcufinder\mcu\additional_hw_images\VD6283TX.jpg (The system cannot find the path specified)
2022-08-10 19:15:30,109 [ERROR] ApiFinderProperties:228 - Failed to read file additional_hw_images/Teseo-LIV3F.jpg: C:\Users\ofith\.stmcufinder\plugins\mcufinder\mcu\additional_hw_images\Teseo-LIV3F.jpg (The system cannot find the path specified)
2022-08-10 19:15:30,109 [ERROR] ApiFinderProperties:228 - Failed to read file additional_hw_images/STTS751.jpg: C:\Users\ofith\.stmcufinder\plugins\mcufinder\mcu\additional_hw_images\STTS751.jpg (The system cannot find the path specified)
2022-08-10 19:15:30,109 [ERROR] ApiFinderProperties:228 - Failed to read file additional_hw_images/STEVAL-MKI209V1K.jpg: C:\Users\ofith\.stmcufinder\plugins\mcufinder\mcu\additional_hw_images\STEVAL-MKI209V1K.jpg (The system cannot find the path specified)
2022-08-10 19:15:30,109 [ERROR] ApiFinderProperties:228 - Failed to read file additional_hw_images/ST25DV64KC.jpg: C:\Users\ofith\.stmcufinder\plugins\mcufinder\mcu\additional_hw_images\ST25DV64KC.jpg (The system cannot find the path specified)
2022-08-10 19:15:30,109 [ERROR] ApiFinderProperties:228 - Failed to read file additional_hw_images/ST25DV04K.jpg: C:\Users\ofith\.stmcufinder\plugins\mcufinder\mcu\additional_hw_images\ST25DV04K.jpg (The system cannot find the path specified)
2022-08-10 19:15:30,109 [ERROR] ApiFinderProperties:228 - Failed to read file additional_hw_images/S2-LP.jpg: C:\Users\ofith\.stmcufinder\plugins\mcufinder\mcu\additional_hw_images\S2-LP.jpg (The system cannot find the path specified)
2022-08-10 19:15:30,109 [ERROR] ApiFinderProperties:228 - Failed to read file additional_hw_images/M95M04-DR.jpg: C:\Users\ofith\.stmcufinder\plugins\mcufinder\mcu\additional_hw_images\M95M04-DR.jpg (The system cannot find the path specified)
2022-08-10 19:15:30,109 [ERROR] ApiFinderProperties:228 - Failed to read file additional_hw_images/M95M01-DF.jpg: C:\Users\ofith\.stmcufinder\plugins\mcufinder\mcu\additional_hw_images\M95M01-DF.jpg (The system cannot find the path specified)
2022-08-10 19:15:30,109 [ERROR] ApiFinderProperties:228 - Failed to read file additional_hw_images/M95256-DF.jpg: C:\Users\ofith\.stmcufinder\plugins\mcufinder\mcu\additional_hw_images\M95256-DF.jpg (The system cannot find the path specified)
2022-08-10 19:15:30,109 [ERROR] ApiFinderProperties:228 - Failed to read file additional_hw_images/M95040-R.jpg: C:\Users\ofith\.stmcufinder\plugins\mcufinder\mcu\additional_hw_images\M95040-R.jpg (The system cannot find the path specified)
2022-08-10 19:15:30,109 [ERROR] ApiFinderProperties:228 - Failed to read file additional_hw_images/M24M01-DF.jpg: C:\Users\ofith\.stmcufinder\plugins\mcufinder\mcu\additional_hw_images\M24M01-DF.jpg (The system cannot find the path specified)
2022-08-10 19:15:30,109 [ERROR] ApiFinderProperties:228 - Failed to read file additional_hw_images/M24C02-F.jpg: C:\Users\ofith\.stmcufinder\plugins\mcufinder\mcu\additional_hw_images\M24C02-F.jpg (The system cannot find the path specified)
2022-08-10 19:15:30,109 [ERROR] ApiFinderProperties:228 - Failed to read file additional_hw_images/M24256-DF.jpg: C:\Users\ofith\.stmcufinder\plugins\mcufinder\mcu\additional_hw_images\M24256-DF.jpg (The system cannot find the path specified)
2022-08-10 19:15:30,109 [ERROR] ApiFinderProperties:228 - Failed to read file additional_hw_images/LSM6DSO.jpg: C:\Users\ofith\.stmcufinder\plugins\mcufinder\mcu\additional_hw_images\LSM6DSO.jpg (The system cannot find the path specified)
2022-08-10 19:15:30,109 [ERROR] ApiFinderProperties:228 - Failed to read file additional_hw_images/LSM6DSL.jpg: C:\Users\ofith\.stmcufinder\plugins\mcufinder\mcu\additional_hw_images\LSM6DSL.jpg (The system cannot find the path specified)
2022-08-10 19:15:30,109 [ERROR] ApiFinderProperties:228 - Failed to read file additional_hw_images/LSM303AGR.jpg: C:\Users\ofith\.stmcufinder\plugins\mcufinder\mcu\additional_hw_images\LSM303AGR.jpg (The system cannot find the path specified)
2022-08-10 19:15:30,109 [ERROR] ApiFinderProperties:228 - Failed to read file additional_hw_images/LPS22HH.jpg: C:\Users\ofith\.stmcufinder\plugins\mcufinder\mcu\additional_hw_images\LPS22HH.jpg (The system cannot find the path specified)
2022-08-10 19:15:30,109 [ERROR] ApiFinderProperties:228 - Failed to read file additional_hw_images/LPS22HB.jpg: C:\Users\ofith\.stmcufinder\plugins\mcufinder\mcu\additional_hw_images\LPS22HB.jpg (The system cannot find the path specified)
2022-08-10 19:15:30,109 [ERROR] ApiFinderProperties:228 - Failed to read file additional_hw_images/LIS2MDL.jpg: C:\Users\ofith\.stmcufinder\plugins\mcufinder\mcu\additional_hw_images\LIS2MDL.jpg (The system cannot find the path specified)
2022-08-10 19:15:30,125 [ERROR] ApiFinderProperties:228 - Failed to read file additional_hw_images/LIS2DW12.jpg: C:\Users\ofith\.stmcufinder\plugins\mcufinder\mcu\additional_hw_images\LIS2DW12.jpg (The system cannot find the path specified)
2022-08-10 19:15:30,125 [ERROR] ApiFinderProperties:228 - Failed to read file additional_hw_images/ISM330DHCX.jpg: C:\Users\ofith\.stmcufinder\plugins\mcufinder\mcu\additional_hw_images\ISM330DHCX.jpg (The system cannot find the path specified)
2022-08-10 19:15:30,125 [ERROR] ApiFinderProperties:228 - Failed to read file additional_hw_images/IMP34DT05.jpg: C:\Users\ofith\.stmcufinder\plugins\mcufinder\mcu\additional_hw_images\IMP34DT05.jpg (The system cannot find the path specified)
2022-08-10 19:15:30,125 [ERROR] ApiFinderProperties:228 - Failed to read file additional_hw_images/IIS2MDC.jpg: C:\Users\ofith\.stmcufinder\plugins\mcufinder\mcu\additional_hw_images\IIS2MDC.jpg (The system cannot find the path specified)
2022-08-10 19:15:30,125 [ERROR] ApiFinderProperties:228 - Failed to read file additional_hw_images/IIS2ICLX.jpg: C:\Users\ofith\.stmcufinder\plugins\mcufinder\mcu\additional_hw_images\IIS2ICLX.jpg (The system cannot find the path specified)
2022-08-10 19:15:30,125 [ERROR] ApiFinderProperties:228 - Failed to read file additional_hw_images/IIS2DLPC.jpg: C:\Users\ofith\.stmcufinder\plugins\mcufinder\mcu\additional_hw_images\IIS2DLPC.jpg (The system cannot find the path specified)
2022-08-10 19:15:30,125 [ERROR] ApiFinderProperties:228 - Failed to read file additional_hw_images/HTS221.jpg: C:\Users\ofith\.stmcufinder\plugins\mcufinder\mcu\additional_hw_images\HTS221.jpg (The system cannot find the path specified)
2022-08-10 19:15:30,125 [ERROR] ApiFinderProperties:228 - Failed to read file additional_hw_images/BlueNRG-M2SP.jpg: C:\Users\ofith\.stmcufinder\plugins\mcufinder\mcu\additional_hw_images\BlueNRG-M2SP.jpg (The system cannot find the path specified)
2022-08-10 19:15:30,140 [ERROR] ApiFinderProperties:228 - Failed to read file additional_hw_images/BlueNRG-M0.jpg: C:\Users\ofith\.stmcufinder\plugins\mcufinder\mcu\additional_hw_images\BlueNRG-M0.jpg (The system cannot find the path specified)
2022-08-10 19:15:30,187 [WARN] ApiFinderProperties:110 - C:\Users\ofith\.stmcufinder\plugins\mcufinder\mcu\mcuFinder.mfd doesn't exist
2022-08-10 19:15:30,187 [INFO] ApiDb:249 - Set database path to: C:\Users\ofith\.stmcufinder\plugins\mcufinder//mcu/
2022-08-10 19:15:30,187 [INFO] DbMcusAds:124 - Set database path to: C:\Users\ofith\.stmcufinder\plugins\mcufinder//mcu/
2022-08-10 19:15:31,657 [INFO] CrossReferenceDbSqlite:201 - Set database path to: C:\Users\ofith\.stmcufinder\plugins\mcufinder//mcu/cs/
2022-08-10 19:15:31,750 [INFO] RulesReader:61 - Compatibility file has been processed (282 Rules)
2022-08-10 19:15:31,828 [INFO] DbMcusXml:77 - Set database path to: C:\ST\STM32CubeIDE_1.10.1\STM32CubeIDE\plugins\com.st.stm32cube.common.mx_6.6.1.202207061420\\db\/mcu/
2022-08-10 19:15:31,828 [INFO] ApiDb:269 - Set plugin database path to: C:\ST\STM32CubeIDE_1.10.1\STM32CubeIDE\plugins\com.st.stm32cube.common.mx_6.6.1.202207061420\\db\/plugins/boardmanager/
2022-08-10 19:15:31,828 [INFO] ApiDb:256 - Set plugin images path to: C:\ST\STM32CubeIDE_1.10.1\STM32CubeIDE\plugins\com.st.stm32cube.common.mx_6.6.1.202207061420\\db\/plugins/mcufinder/images/
2022-08-10 19:15:31,828 [WARN] DbFile:40 - Overriding database path with different value: C:\Users\ofith\.stmcufinder\plugins\mcufinder/ => C:\Users\ofith\.stmcufinder\plugins\mcufinder
2022-08-10 19:15:31,828 [INFO] ApiDb:249 - Set database path to: C:\Users\ofith\.stmcufinder\plugins\mcufinder//mcu/
2022-08-10 19:15:31,828 [WARN] DbFile:40 - Overriding database path with different value: C:\Users\ofith\.stmcufinder\plugins\mcufinder/ => C:\Users\ofith\.stmcufinder\plugins\mcufinder
2022-08-10 19:15:31,828 [INFO] DbMcusAds:124 - Set database path to: C:\Users\ofith\.stmcufinder\plugins\mcufinder//mcu/
2022-08-10 19:15:31,828 [WARN] DbFile:40 - Overriding database path with different value: C:\Users\ofith\.stmcufinder\plugins\mcufinder/ => C:\Users\ofith\.stmcufinder\plugins\mcufinder
2022-08-10 19:15:31,828 [WARN] DbFile:40 - Overriding database path with different value: C:\Users\ofith\.stmcufinder\plugins\mcufinder/ => C:\Users\ofith\.stmcufinder\plugins\mcufinder
2022-08-10 19:15:31,828 [INFO] CrossReferenceDbSqlite:201 - Set database path to: C:\Users\ofith\.stmcufinder\plugins\mcufinder//mcu/cs/
2022-08-10 19:15:31,891 [INFO] MainPanel:242 - HeapMemory: 268435456
2022-08-10 19:15:31,985 [INFO] DbMcusXml:77 - Set database path to: C:\ST\STM32CubeIDE_1.10.1\STM32CubeIDE\plugins\com.st.stm32cube.common.mx_6.6.1.202207061420\\db\/mcu/
2022-08-10 19:15:31,985 [INFO] ApiDb:269 - Set plugin database path to: C:\ST\STM32CubeIDE_1.10.1\STM32CubeIDE\plugins\com.st.stm32cube.common.mx_6.6.1.202207061420\\db\/plugins/boardmanager/
2022-08-10 19:15:31,985 [INFO] ApiDb:256 - Set plugin images path to: C:\ST\STM32CubeIDE_1.10.1\STM32CubeIDE\plugins\com.st.stm32cube.common.mx_6.6.1.202207061420\\db\/plugins/mcufinder/images/
2022-08-10 19:15:31,985 [WARN] DbFile:40 - Overriding database path with different value: C:\Users\ofith\.stmcufinder\plugins\mcufinder/ => C:\Users\ofith\.stmcufinder\plugins\mcufinder
2022-08-10 19:15:31,985 [INFO] ApiDb:249 - Set database path to: C:\Users\ofith\.stmcufinder\plugins\mcufinder//mcu/
2022-08-10 19:15:31,985 [WARN] DbFile:40 - Overriding database path with different value: C:\Users\ofith\.stmcufinder\plugins\mcufinder/ => C:\Users\ofith\.stmcufinder\plugins\mcufinder
2022-08-10 19:15:31,985 [INFO] DbMcusAds:124 - Set database path to: C:\Users\ofith\.stmcufinder\plugins\mcufinder//mcu/
2022-08-10 19:15:31,985 [WARN] DbFile:40 - Overriding database path with different value: C:\Users\ofith\.stmcufinder\plugins\mcufinder/ => C:\Users\ofith\.stmcufinder\plugins\mcufinder
2022-08-10 19:15:31,985 [WARN] DbFile:40 - Overriding database path with different value: C:\Users\ofith\.stmcufinder\plugins\mcufinder/ => C:\Users\ofith\.stmcufinder\plugins\mcufinder
2022-08-10 19:15:31,985 [INFO] CrossReferenceDbSqlite:201 - Set database path to: C:\Users\ofith\.stmcufinder\plugins\mcufinder//mcu/cs/
2022-08-10 19:15:32,000 [INFO] ApplicationProperties:181 - Using Application install path: C:\ST\STM32CubeIDE_1.10.1\STM32CubeIDE\plugins\com.st.stm32cube.common.mx_6.6.1.202207061420
2022-08-10 19:15:32,000 [INFO] PluginManage:193 - Search for loadable plugins [exclusion list=, ]
2022-08-10 19:15:32,000 [INFO] PluginManage:307 - Check plugin analytics
2022-08-10 19:15:32,172 [INFO] AnalyticsPlugin:262 - Accepted Software Licenses: 
2022-08-10 19:15:32,172 [INFO] AnalyticsPlugin:264 - Accepted CMSIS Pack Licenses: 
2022-08-10 19:15:32,172 [INFO] AnalyticsPlugin:266 - Accepted Firmware Licenses: 
2022-08-10 19:15:32,172 [INFO] PluginManage:356 - Loaded plugin analytics (category:tool,tabindex:-1)
2022-08-10 19:15:32,172 [INFO] PluginManage:307 - Check plugin cadmodel
2022-08-10 19:15:32,188 [INFO] CADModel:65 - Init CAD model plugin
2022-08-10 19:15:32,188 [INFO] PluginManage:356 - Loaded plugin cadmodel (category:power,tabindex:5)
2022-08-10 19:15:32,188 [INFO] PluginManage:307 - Check plugin clock
2022-08-10 19:15:32,188 [INFO] PluginManage:356 - Loaded plugin clock (category:base,tabindex:2)
2022-08-10 19:15:32,188 [INFO] PluginManage:307 - Check plugin ddr
2022-08-10 19:15:32,188 [INFO] PluginManage:356 - Loaded plugin ddr (category:tool,tabindex:6)
2022-08-10 19:15:32,188 [INFO] PluginManage:307 - Check plugin filemanager
2022-08-10 19:15:32,313 [INFO] PluginManage:356 - Loaded plugin filemanager (category:base,tabindex:10)
2022-08-10 19:15:32,313 [INFO] PluginManage:307 - Check plugin ipmanager
2022-08-10 19:15:32,313 [INFO] PluginManage:356 - Loaded plugin ipmanager (category:base,tabindex:5)
2022-08-10 19:15:32,313 [INFO] PluginManage:307 - Check plugin lpbam
2022-08-10 19:15:32,328 [INFO] PluginManage:356 - Loaded plugin lpbam (category:base,tabindex:0)
2022-08-10 19:15:32,328 [INFO] PluginManage:307 - Check plugin pinoutandconfiguration
2022-08-10 19:15:32,328 [INFO] PluginManage:356 - Loaded plugin pinoutandconfiguration (category:base,tabindex:1)
2022-08-10 19:15:32,328 [INFO] PluginManage:307 - Check plugin pinoutconfig
2022-08-10 19:15:32,360 [INFO] PluginManage:356 - Loaded plugin pinoutconfig (category:base,tabindex:0)
2022-08-10 19:15:32,360 [INFO] PluginManage:307 - Check plugin power
2022-08-10 19:15:32,360 [INFO] PluginManage:356 - Loaded plugin power (category:power,tabindex:4)
2022-08-10 19:15:32,360 [INFO] PluginManage:307 - Check plugin projectmanager
2022-08-10 19:15:32,375 [INFO] PluginManage:356 - Loaded plugin projectmanager (category:projectmanager,tabindex:3)
2022-08-10 19:15:32,375 [INFO] PluginManage:307 - Check plugin thirdparty
2022-08-10 19:15:32,500 [INFO] PluginManage:356 - Loaded plugin thirdparty (category:base,tabindex:-1)
2022-08-10 19:15:32,500 [WARN] IntegrityCheckThread:82 - waiting for thirdparty lock release [integrity check]
2022-08-10 19:15:32,500 [INFO] PluginManage:307 - Check plugin tools
2022-08-10 19:15:32,500 [INFO] IntegrityCheckThread:84 - entering critical section [integrity check]
2022-08-10 19:15:32,500 [INFO] ThirdPartyUpdaterWithRetryManager:70 - Updater plugin not ready yet. [1/15]
2022-08-10 19:15:32,500 [INFO] PluginManage:356 - Loaded plugin tools (category:base,tabindex:7)
2022-08-10 19:15:32,500 [INFO] PluginManage:307 - Check plugin tutovideos
2022-08-10 19:15:32,656 [INFO] PluginManage:356 - Loaded plugin tutovideos (category:base,tabindex:-1)
2022-08-10 19:15:32,656 [INFO] PluginManage:307 - Check plugin updater
2022-08-10 19:15:32,656 [INFO] PluginManage:356 - Loaded plugin updater (category:base,tabindex:12)
2022-08-10 19:15:32,656 [INFO] PluginManage:280 - PluginManage : Loaded plugins [15]
2022-08-10 19:15:32,844 [INFO] PinOutPanel:1468 - setPackage(No Configuration,No Configuration)
2022-08-10 19:15:32,891 [INFO] CADModel:98 - CPN selected for project level
2022-08-10 19:15:32,917 [INFO] IPUIPlugin:79 - create IPUIPlugin
2022-08-10 19:15:32,917 [INFO] PluginManager:217 - loadIPPluginJar : add adc
2022-08-10 19:15:32,917 [INFO] IPUIPlugin:79 - create IPUIPlugin
2022-08-10 19:15:32,917 [INFO] PluginManager:217 - loadIPPluginJar : add aes
2022-08-10 19:15:32,917 [INFO] IPUIPlugin:79 - create IPUIPlugin
2022-08-10 19:15:32,917 [INFO] PluginManager:217 - loadIPPluginJar : add can
2022-08-10 19:15:32,917 [INFO] IPUIPlugin:79 - create IPUIPlugin
2022-08-10 19:15:32,917 [INFO] PluginManager:217 - loadIPPluginJar : add comp
2022-08-10 19:15:32,917 [INFO] IPUIPlugin:79 - create IPUIPlugin
2022-08-10 19:15:32,917 [INFO] PluginManager:217 - loadIPPluginJar : add cryp
2022-08-10 19:15:32,917 [INFO] IPUIPlugin:79 - create IPUIPlugin
2022-08-10 19:15:32,917 [INFO] PluginManager:217 - loadIPPluginJar : add dfsdm
2022-08-10 19:15:32,933 [INFO] IPUIPlugin:79 - create IPUIPlugin
2022-08-10 19:15:32,933 [INFO] PluginManager:217 - loadIPPluginJar : add dma
2022-08-10 19:15:32,933 [INFO] IPUIPlugin:79 - create IPUIPlugin
2022-08-10 19:15:32,933 [INFO] PluginManager:217 - loadIPPluginJar : add dma3
2022-08-10 19:15:32,933 [INFO] IPUIPlugin:79 - create IPUIPlugin
2022-08-10 19:15:32,933 [INFO] PluginManager:217 - loadIPPluginJar : add fatfs
2022-08-10 19:15:32,933 [INFO] IPUIPlugin:79 - create IPUIPlugin
2022-08-10 19:15:32,933 [INFO] PluginManager:217 - loadIPPluginJar : add fmc
2022-08-10 19:15:32,933 [INFO] IPUIPlugin:79 - create IPUIPlugin
2022-08-10 19:15:32,933 [INFO] PluginManager:217 - loadIPPluginJar : add freertos
2022-08-10 19:15:32,933 [INFO] IPUIPlugin:79 - create IPUIPlugin
2022-08-10 19:15:32,933 [INFO] PluginManager:217 - loadIPPluginJar : add genericplugin
2022-08-10 19:15:32,933 [INFO] IPUIPlugin:79 - create IPUIPlugin
2022-08-10 19:15:32,933 [INFO] PluginManager:217 - loadIPPluginJar : add gfxmmu
2022-08-10 19:15:32,948 [INFO] IPUIPlugin:79 - create IPUIPlugin
2022-08-10 19:15:32,948 [INFO] PluginManager:217 - loadIPPluginJar : add gic
2022-08-10 19:15:32,948 [INFO] IPUIPlugin:79 - create IPUIPlugin
2022-08-10 19:15:32,948 [INFO] PluginManager:217 - loadIPPluginJar : add gpio
2022-08-10 19:15:32,948 [INFO] IPUIPlugin:79 - create IPUIPlugin
2022-08-10 19:15:32,948 [INFO] PluginManager:217 - loadIPPluginJar : add gtzc
2022-08-10 19:15:32,948 [INFO] IPUIPlugin:79 - create IPUIPlugin
2022-08-10 19:15:32,948 [INFO] PluginManager:217 - loadIPPluginJar : add hash
2022-08-10 19:15:32,948 [INFO] IPUIPlugin:79 - create IPUIPlugin
2022-08-10 19:15:32,948 [INFO] PluginManager:217 - loadIPPluginJar : add i2c
2022-08-10 19:15:32,948 [INFO] IPUIPlugin:79 - create IPUIPlugin
2022-08-10 19:15:32,964 [INFO] PluginManager:217 - loadIPPluginJar : add i2s
2022-08-10 19:15:32,964 [INFO] IPUIPlugin:79 - create IPUIPlugin
2022-08-10 19:15:32,964 [INFO] PluginManager:217 - loadIPPluginJar : add ipddr
2022-08-10 19:15:32,964 [INFO] IPUIPlugin:79 - create IPUIPlugin
2022-08-10 19:15:32,964 [INFO] PluginManager:217 - loadIPPluginJar : add linkedlist
2022-08-10 19:15:32,964 [INFO] IPUIPlugin:79 - create IPUIPlugin
2022-08-10 19:15:32,964 [INFO] PluginManager:217 - loadIPPluginJar : add lorawan
2022-08-10 19:15:32,964 [INFO] IPUIPlugin:79 - create IPUIPlugin
2022-08-10 19:15:32,964 [INFO] PluginManager:217 - loadIPPluginJar : add ltdc
2022-08-10 19:15:32,979 [INFO] IPUIPlugin:79 - create IPUIPlugin
2022-08-10 19:15:32,979 [INFO] PluginManager:217 - loadIPPluginJar : add mdma
2022-08-10 19:15:32,979 [INFO] IPUIPlugin:79 - create IPUIPlugin
2022-08-10 19:15:32,979 [INFO] PluginManager:217 - loadIPPluginJar : add nvic
2022-08-10 19:15:32,979 [INFO] IPUIPlugin:79 - create IPUIPlugin
2022-08-10 19:15:32,979 [INFO] PluginManager:217 - loadIPPluginJar : add opamp
2022-08-10 19:15:32,979 [INFO] IPUIPlugin:79 - create IPUIPlugin
2022-08-10 19:15:32,979 [INFO] PluginManager:217 - loadIPPluginJar : add openamp
2022-08-10 19:15:32,979 [INFO] IPUIPlugin:79 - create IPUIPlugin
2022-08-10 19:15:32,979 [INFO] PluginManager:217 - loadIPPluginJar : add pdm2pcm
2022-08-10 19:15:32,995 [INFO] IPUIPlugin:79 - create IPUIPlugin
2022-08-10 19:15:32,995 [INFO] PluginManager:217 - loadIPPluginJar : add plateformsettings
2022-08-10 19:15:32,995 [INFO] IPUIPlugin:79 - create IPUIPlugin
2022-08-10 19:15:32,995 [INFO] PluginManager:217 - loadIPPluginJar : add quadspi
2022-08-10 19:15:32,995 [INFO] IPUIPlugin:79 - create IPUIPlugin
2022-08-10 19:15:32,995 [INFO] PluginManager:217 - loadIPPluginJar : add resmgrutility
2022-08-10 19:15:32,995 [INFO] IPUIPlugin:79 - create IPUIPlugin
2022-08-10 19:15:32,995 [INFO] PluginManager:217 - loadIPPluginJar : add sai
2022-08-10 19:15:32,995 [INFO] IPUIPlugin:79 - create IPUIPlugin
2022-08-10 19:15:32,995 [INFO] PluginManager:217 - loadIPPluginJar : add spi
2022-08-10 19:15:32,995 [INFO] IPUIPlugin:79 - create IPUIPlugin
2022-08-10 19:15:32,995 [INFO] PluginManager:217 - loadIPPluginJar : add stm32_wpan
2022-08-10 19:15:32,995 [INFO] IPUIPlugin:79 - create IPUIPlugin
2022-08-10 19:15:32,995 [INFO] PluginManager:217 - loadIPPluginJar : add tim
2022-08-10 19:15:33,011 [INFO] IPUIPlugin:79 - create IPUIPlugin
2022-08-10 19:15:33,011 [INFO] PluginManager:217 - loadIPPluginJar : add touchsensing
2022-08-10 19:15:33,011 [INFO] IPUIPlugin:79 - create IPUIPlugin
2022-08-10 19:15:33,011 [INFO] PluginManager:217 - loadIPPluginJar : add tracer_emb
2022-08-10 19:15:33,011 [INFO] IPUIPlugin:79 - create IPUIPlugin
2022-08-10 19:15:33,011 [INFO] PluginManager:217 - loadIPPluginJar : add ts
2022-08-10 19:15:33,011 [INFO] IPUIPlugin:79 - create IPUIPlugin
2022-08-10 19:15:33,011 [INFO] PluginManager:217 - loadIPPluginJar : add tsc
2022-08-10 19:15:33,011 [INFO] IPUIPlugin:79 - create IPUIPlugin
2022-08-10 19:15:33,011 [INFO] PluginManager:217 - loadIPPluginJar : add ucpd
2022-08-10 19:15:33,011 [INFO] IPUIPlugin:79 - create IPUIPlugin
2022-08-10 19:15:33,011 [INFO] PluginManager:217 - loadIPPluginJar : add usart
2022-08-10 19:15:33,011 [INFO] IPUIPlugin:79 - create IPUIPlugin
2022-08-10 19:15:33,011 [INFO] PluginManager:217 - loadIPPluginJar : add usbx
2022-08-10 19:15:33,229 [FATAL] Updater:301 - Updater called before beeing initialized
2022-08-10 19:15:33,323 [FATAL] Updater:301 - Updater called before beeing initialized
2022-08-10 19:15:33,323 [INFO] DbMcusAds:52 - JSON generation date=Thu Sep 30 07:55:09 BST 2021 (1632984909247)
2022-08-10 19:15:33,323 [FATAL] Updater:301 - Updater called before beeing initialized
2022-08-10 19:15:33,698 [WARN] DetailPanel:344 - Failed to get advertising image, set to default
2022-08-10 19:15:33,823 [FATAL] Updater:301 - Updater called before beeing initialized
2022-08-10 19:15:33,823 [FATAL] Updater:301 - Updater called before beeing initialized
2022-08-10 19:15:33,823 [FATAL] Updater:301 - Updater called before beeing initialized
2022-08-10 19:15:33,823 [WARN] DetailPanel:344 - Failed to get advertising image, set to default
2022-08-10 19:15:33,823 [FATAL] Updater:301 - Updater called before beeing initialized
2022-08-10 19:15:33,854 [ERROR] Updater:1105 - MainUpdater not yet initialized. External WinMGr cannot be set.
2022-08-10 19:15:33,854 [INFO] Updater:1041 - Updater Version found : 6.6.1
2022-08-10 19:15:33,870 [INFO] ApplicationProperties:181 - Using Application install path: C:\ST\STM32CubeIDE_1.10.1\STM32CubeIDE\plugins\com.st.stm32cube.common.mx_6.6.1.202207061420
2022-08-10 19:15:33,901 [INFO] MainUpdater:516 - Copy updater definitions from MX database
2022-08-10 19:15:33,901 [INFO] MainUpdater:549 - Copy flag file definitions from MX database
2022-08-10 19:15:33,917 [INFO] MainUpdater:565 - Copy thirdparty index definitions from MX database
2022-08-10 19:15:33,917 [INFO] MainUpdater:584 - Copy default thirdparty db definitions from MX database
2022-08-10 19:15:34,156 [INFO] MainUpdater:2768 - connection check result : 10
2022-08-10 19:15:34,156 [INFO] MainUpdater:3453 - Updater definition file requires update
2022-08-10 19:15:34,156 [INFO] MainUpdater:280 - Updater Check For Update Now.
2022-08-10 19:15:34,156 [INFO] MicroXplorer:481 - Change Database Version : DB.6.0.60
2022-08-10 19:15:34,281 [INFO] ServerAccessManage:474 - Download File updaters.zip
2022-08-10 19:15:34,563 [INFO] FileExtend:239 - Unzip File : updaters.zip
2022-08-10 19:15:34,563 [INFO] FileExtend:254 - Standard Zip Deflate
2022-08-10 19:15:34,891 [INFO] ServerAccessManage:474 - Download File PacksControlFlags.xml
2022-08-10 19:15:34,985 [INFO] ServerAccessManage:474 - Download File cubemx.pidx
2022-08-10 19:15:35,266 [ERROR] LogOutputStream:74 - [STDERR_REDIRECT] SLF4J: Failed to load class "org.slf4j.impl.StaticLoggerBinder".
2022-08-10 19:15:35,266 [ERROR] LogOutputStream:74 - [STDERR_REDIRECT] SLF4J: Defaulting to no-operation (NOP) logger implementation
2022-08-10 19:15:35,266 [ERROR] LogOutputStream:74 - [STDERR_REDIRECT] SLF4J: See http://www.slf4j.org/codes.html#StaticLoggerBinder for further details.
2022-08-10 19:15:35,507 [WARN] MainUpdater:1184 - Updater busy. Cannot search thirdparties
2022-08-10 19:15:35,507 [INFO] ThirdPartyUpdaterWithRetryManager:96 - Updater plugin is busy. [1/15]
2022-08-10 19:15:35,679 [INFO] ServerAccessManage:474 - Download File STMicroelectronics.FP-ATR-ASTRA1.pdsc
2022-08-10 19:15:36,501 [INFO] ServerAccessManage:474 - Download File STMicroelectronics.X-CUBE-AI.pdsc
2022-08-10 19:15:38,410 [INFO] ServerAccessManage:474 - Download File STMicroelectronics.X-CUBE-ALS.pdsc
2022-08-10 19:15:38,513 [WARN] MainUpdater:1184 - Updater busy. Cannot search thirdparties
2022-08-10 19:15:38,513 [INFO] ThirdPartyUpdaterWithRetryManager:96 - Updater plugin is busy. [2/15]
2022-08-10 19:15:38,687 [INFO] ServerAccessManage:474 - Download File STMicroelectronics.X-CUBE-BLE1.pdsc
2022-08-10 19:15:40,425 [ERROR] ServerAccessManage:1090 - Problem, file not found on Server
2022-08-10 19:15:40,862 [INFO] ServerAccessManage:474 - Download File STMicroelectronics.X-CUBE-BLE2.pdsc
2022-08-10 19:15:41,518 [WARN] MainUpdater:1184 - Updater busy. Cannot search thirdparties
2022-08-10 19:15:41,518 [INFO] ThirdPartyUpdaterWithRetryManager:96 - Updater plugin is busy. [3/15]
2022-08-10 19:15:44,528 [WARN] MainUpdater:1184 - Updater busy. Cannot search thirdparties
2022-08-10 19:15:44,528 [INFO] ThirdPartyUpdaterWithRetryManager:96 - Updater plugin is busy. [4/15]
2022-08-10 19:15:44,606 [INFO] ServerAccessManage:474 - Download File STMicroelectronics.X-CUBE-BLEMGR.pdsc
2022-08-10 19:15:45,215 [INFO] ServerAccessManage:474 - Download File STMicroelectronics.X-CUBE-DISPLAY.pdsc
2022-08-10 19:15:45,716 [INFO] ServerAccessManage:474 - Download File STMicroelectronics.X-CUBE-EEPRMA1.pdsc
2022-08-10 19:15:46,044 [INFO] ServerAccessManage:474 - Download File STMicroelectronics.X-CUBE-GNSS1.pdsc
2022-08-10 19:15:46,981 [ERROR] ServerAccessManage:1090 - Problem, file not found on Server
2022-08-10 19:15:47,153 [ERROR] ServerAccessManage:1090 - Problem, file not found on Server
2022-08-10 19:15:47,325 [ERROR] ServerAccessManage:1090 - Problem, file not found on Server
2022-08-10 19:15:47,434 [ERROR] ServerAccessManage:1090 - Problem, file not found on Server
2022-08-10 19:15:47,528 [WARN] MainUpdater:1184 - Updater busy. Cannot search thirdparties
2022-08-10 19:15:47,528 [INFO] ThirdPartyUpdaterWithRetryManager:96 - Updater plugin is busy. [5/15]
2022-08-10 19:15:47,544 [ERROR] ServerAccessManage:1090 - Problem, file not found on Server
2022-08-10 19:15:47,653 [ERROR] ServerAccessManage:1090 - Problem, file not found on Server
2022-08-10 19:15:47,747 [INFO] ServerAccessManage:474 - Download File STMicroelectronics.X-CUBE-ISPU.pdsc
2022-08-10 19:15:48,044 [INFO] ServerAccessManage:474 - Download File STMicroelectronics.X-CUBE-MEMS1.pdsc
2022-08-10 19:15:50,528 [WARN] MainUpdater:1184 - Updater busy. Cannot search thirdparties
2022-08-10 19:15:50,528 [INFO] ThirdPartyUpdaterWithRetryManager:96 - Updater plugin is busy. [6/15]
2022-08-10 19:15:53,530 [WARN] MainUpdater:1184 - Updater busy. Cannot search thirdparties
2022-08-10 19:15:53,530 [INFO] ThirdPartyUpdaterWithRetryManager:96 - Updater plugin is busy. [7/15]
2022-08-10 19:15:54,546 [INFO] MainUpdater:2768 - connection check result : 10
2022-08-10 19:15:56,531 [WARN] MainUpdater:1184 - Updater busy. Cannot search thirdparties
2022-08-10 19:15:56,531 [INFO] ThirdPartyUpdaterWithRetryManager:96 - Updater plugin is busy. [8/15]
2022-08-10 19:15:59,532 [WARN] MainUpdater:1184 - Updater busy. Cannot search thirdparties
2022-08-10 19:15:59,532 [INFO] ThirdPartyUpdaterWithRetryManager:96 - Updater plugin is busy. [9/15]
2022-08-10 19:16:02,298 [INFO] ServerAccessManage:474 - Download File STMicroelectronics.X-CUBE-NFC4.pdsc
2022-08-10 19:16:02,532 [WARN] MainUpdater:1184 - Updater busy. Cannot search thirdparties
2022-08-10 19:16:02,532 [INFO] ThirdPartyUpdaterWithRetryManager:96 - Updater plugin is busy. [10/15]
2022-08-10 19:16:04,595 [INFO] ServerAccessManage:474 - Download File STMicroelectronics.X-CUBE-NFC7.pdsc
2022-08-10 19:16:04,720 [INFO] ServerAccessManage:474 - Download File STMicroelectronics.X-CUBE-SFXS2LP1.pdsc
2022-08-10 19:16:05,189 [INFO] ServerAccessManage:474 - Download File STMicroelectronics.X-CUBE-SUBG2.pdsc
2022-08-10 19:16:05,533 [WARN] MainUpdater:1184 - Updater busy. Cannot search thirdparties
2022-08-10 19:16:05,533 [INFO] ThirdPartyUpdaterWithRetryManager:96 - Updater plugin is busy. [11/15]
2022-08-10 19:16:06,189 [INFO] ServerAccessManage:474 - Download File STMicroelectronics.X-CUBE-TOF1.pdsc
2022-08-10 19:16:06,626 [ERROR] ServerAccessManage:1090 - Problem, file not found on Server
2022-08-10 19:16:06,767 [INFO] ServerAccessManage:474 - Download File STMicroelectronics.X-CUBE-TOUCHGFX.pdsc
2022-08-10 19:16:08,174 [INFO] ServerAccessManage:474 - Download File STMicroelectronics.X-CUBE-ALGOBUILD.pdsc
2022-08-10 19:16:08,534 [WARN] MainUpdater:1184 - Updater busy. Cannot search thirdparties
2022-08-10 19:16:08,534 [INFO] ThirdPartyUpdaterWithRetryManager:96 - Updater plugin is busy. [12/15]
2022-08-10 19:16:08,706 [INFO] ServerAccessManage:474 - Download File STMicroelectronics.X-CUBE-AZRTOS-H7.pdsc
2022-08-10 19:16:10,084 [INFO] ServerAccessManage:474 - Download File STMicroelectronics.X-CUBE-AZRTOS-F4.pdsc
2022-08-10 19:16:10,491 [INFO] ServerAccessManage:474 - Download File STMicroelectronics.X-CUBE-AZRTOS-F7.pdsc
2022-08-10 19:16:10,991 [INFO] ServerAccessManage:474 - Download File STMicroelectronics.X-CUBE-AZRTOS-L4.pdsc
2022-08-10 19:16:11,381 [INFO] ServerAccessManage:474 - Download File STMicroelectronics.X-CUBE-AZRTOS-L5.pdsc
2022-08-10 19:16:11,539 [WARN] MainUpdater:1184 - Updater busy. Cannot search thirdparties
2022-08-10 19:16:11,539 [INFO] ThirdPartyUpdaterWithRetryManager:96 - Updater plugin is busy. [13/15]
2022-08-10 19:16:11,774 [INFO] ServerAccessManage:474 - Download File STMicroelectronics.X-CUBE-AZRTOS-G0.pdsc
2022-08-10 19:16:12,258 [INFO] ServerAccessManage:474 - Download File STMicroelectronics.X-CUBE-AZRTOS-G4.pdsc
2022-08-10 19:16:12,804 [INFO] ServerAccessManage:474 - Download File STMicroelectronics.X-CUBE-AZRTOS-WL.pdsc
2022-08-10 19:16:14,477 [INFO] ServerAccessManage:474 - Download File wolfSSL.I-CUBE-wolfSSL.pdsc
2022-08-10 19:16:14,540 [WARN] MainUpdater:1184 - Updater busy. Cannot search thirdparties
2022-08-10 19:16:14,540 [INFO] ThirdPartyUpdaterWithRetryManager:96 - Updater plugin is busy. [14/15]
2022-08-10 19:16:17,554 [WARN] MainUpdater:1184 - Updater busy. Cannot search thirdparties
2022-08-10 19:16:17,554 [INFO] ThirdPartyUpdaterWithRetryManager:96 - Updater plugin is busy. [15/15]
2022-08-10 19:16:17,554 [ERROR] IntegrityCheckThread:128 - Cannot retrieve database content from updater: error -1
2022-08-10 19:16:17,554 [INFO] ThirdParty:929 - Integrity check success = false
2022-08-10 19:16:17,554 [INFO] IntegrityCheckThread:98 - exiting critical section [integrity check]
2022-08-10 19:16:17,554 [INFO] IntegrityCheckThread:101 - End integrity checks thread
2022-08-10 19:16:18,680 [ERROR] ServerAccessManage:1090 - Problem, file not found on Server
2022-08-10 19:16:19,181 [ERROR] ServerAccessManage:1090 - Problem, file not found on Server
2022-08-10 19:16:19,900 [ERROR] ServerAccessManage:1090 - Problem, file not found on Server
2022-08-10 19:16:21,119 [INFO] ServerAccessManage:474 - Download File RoweBots.I-CUBE-UNISONRTOS.pdsc
2022-08-10 19:16:22,057 [ERROR] ServerAccessManage:1090 - Problem, file not found on Server
2022-08-10 19:16:22,542 [ERROR] ServerAccessManage:1090 - Problem, file not found on Server
2022-08-10 19:16:23,150 [ERROR] ServerAccessManage:1090 - Problem, file not found on Server
2022-08-10 19:16:23,681 [ERROR] ServerAccessManage:1090 - Problem, file not found on Server
2022-08-10 19:16:24,197 [INFO] ServerAccessManage:474 - Download File SEGGER.I-CUBE-embOS.pdsc
2022-08-10 19:16:25,198 [INFO] ServerAccessManage:474 - Download File portGmbH.I-Cube-SoM-uGOAL.pdsc
2022-08-10 19:16:26,137 [ERROR] ServerAccessManage:1090 - Problem, file not found on Server
2022-08-10 19:16:26,230 [ERROR] ServerAccessManage:1090 - Problem, file not found on Server
2022-08-10 19:16:26,361 [ERROR] ServerAccessManage:1090 - Problem, file not found on Server
2022-08-10 19:16:27,064 [INFO] ServerAccessManage:474 - Download File emotas.I-CUBE-CANOPEN.pdsc
2022-08-10 19:16:27,299 [WARN] CheckServerUpdateThread:148 - Open CheckUpdateFile Fail
2022-08-10 19:16:27,315 [WARN] PackLoader:242 - Cannot read IP mode file for STMicroelectronics.FP-ATR-ASTRA1.1.1.0
2022-08-10 19:16:27,330 [WARN] PackLoader:242 - Cannot read IP mode file for STMicroelectronics.X-CUBE-AI.7.2.0
2022-08-10 19:16:27,330 [WARN] PackLoader:242 - Cannot read IP mode file for STMicroelectronics.X-CUBE-ALS.1.0.1
2022-08-10 19:16:27,346 [WARN] PackLoader:242 - Cannot read IP mode file for STMicroelectronics.X-CUBE-BLE1.6.2.3
2022-08-10 19:16:27,346 [WARN] PackLoader:242 - Cannot read IP mode file for STMicroelectronics.X-CUBE-BLE2.3.3.0
2022-08-10 19:16:27,362 [WARN] PackLoader:242 - Cannot read IP mode file for STMicroelectronics.X-CUBE-BLEMGR.1.0.0
2022-08-10 19:16:27,362 [WARN] PackLoader:242 - Cannot read IP mode file for STMicroelectronics.X-CUBE-DISPLAY.2.2.0
2022-08-10 19:16:27,377 [WARN] PackLoader:242 - Cannot read IP mode file for STMicroelectronics.X-CUBE-EEPRMA1.3.1.1
2022-08-10 19:16:27,393 [WARN] PackLoader:242 - Cannot read IP mode file for STMicroelectronics.X-CUBE-GNSS1.6.0.0
2022-08-10 19:16:27,393 [WARN] PackLoader:242 - Cannot read IP mode file for STMicroelectronics.X-CUBE-ISPU.1.0.0
2022-08-10 19:16:27,424 [INFO] CheckServerUpdateThread:119 - End of CheckServer Thread
2022-08-10 19:16:27,455 [WARN] PackLoader:242 - Cannot read IP mode file for STMicroelectronics.X-CUBE-MEMS1.9.3.0
2022-08-10 19:16:27,502 [INFO] MainUpdater:2768 - connection check result : 10
2022-08-10 19:16:27,502 [INFO] McuFinderGlobals:57 - Set McuFinderConnectedMode to true
2022-08-10 19:16:27,674 [WARN] PackLoader:242 - Cannot read IP mode file for STMicroelectronics.X-CUBE-NFC4.2.0.4
2022-08-10 19:16:27,690 [WARN] PackLoader:242 - Cannot read IP mode file for STMicroelectronics.X-CUBE-NFC7.1.0.0
2022-08-10 19:16:27,705 [WARN] PackLoader:242 - Cannot read IP mode file for STMicroelectronics.X-CUBE-SFXS2LP1.4.0.0
2022-08-10 19:16:27,721 [WARN] PackLoader:242 - Cannot read IP mode file for STMicroelectronics.X-CUBE-SUBG2.5.0.0
2022-08-10 19:16:27,752 [WARN] PackLoader:242 - Cannot read IP mode file for STMicroelectronics.X-CUBE-TOF1.3.1.0
2022-08-10 19:16:27,768 [WARN] PackLoader:242 - Cannot read IP mode file for STMicroelectronics.X-CUBE-TOUCHGFX.4.20.0
2022-08-10 19:16:27,768 [WARN] PackLoader:242 - Cannot read IP mode file for STMicroelectronics.X-CUBE-ALGOBUILD.1.3.0
2022-08-10 19:16:27,799 [WARN] PackLoader:242 - Cannot read IP mode file for STMicroelectronics.X-CUBE-AZRTOS-H7.2.1.0
2022-08-10 19:16:27,862 [WARN] PackLoader:242 - Cannot read IP mode file for STMicroelectronics.X-CUBE-AZRTOS-F4.1.1.0
2022-08-10 19:16:27,924 [WARN] PackLoader:242 - Cannot read IP mode file for STMicroelectronics.X-CUBE-AZRTOS-F7.1.1.0
2022-08-10 19:16:27,940 [INFO] ServerAccessManage:474 - Download File mcusAds.json._tmp_
2022-08-10 19:16:27,955 [WARN] PackLoader:242 - Cannot read IP mode file for STMicroelectronics.X-CUBE-AZRTOS-L4.1.0.0
2022-08-10 19:16:27,971 [WARN] PackLoader:242 - Cannot read IP mode file for STMicroelectronics.X-CUBE-AZRTOS-L5.1.0.0
2022-08-10 19:16:28,002 [WARN] PackLoader:242 - Cannot read IP mode file for STMicroelectronics.X-CUBE-AZRTOS-G0.1.1.0
2022-08-10 19:16:28,033 [WARN] PackLoader:242 - Cannot read IP mode file for STMicroelectronics.X-CUBE-AZRTOS-G4.1.0.0
2022-08-10 19:16:28,049 [INFO] LoadUrlFilesThread:150 - End of LoadUrlFiles Thread
2022-08-10 19:16:28,080 [WARN] PackLoader:242 - Cannot read IP mode file for STMicroelectronics.X-CUBE-AZRTOS-WL.1.0.0
2022-08-10 19:16:28,096 [WARN] PackLoader:242 - Cannot read IP mode file for wolfSSL.I-CUBE-wolfSSL.5.4.0
2022-08-10 19:16:28,096 [WARN] PackLoader:242 - Cannot read IP mode file for RoweBots.I-CUBE-UNISONRTOS.5.5.0-4
2022-08-10 19:16:28,111 [INFO] McuFinderGlobals:57 - Set McuFinderConnectedMode to true
2022-08-10 19:16:28,127 [INFO] MultiScanPanel:195 - Auto-refresh data requested => check proxy status ongoing
2022-08-10 19:16:28,143 [INFO] FinderPluginLoader:92 - Searching for filters in installed packs
2022-08-10 19:16:28,158 [WARN] PackLoader:242 - Cannot read IP mode file for SEGGER.I-CUBE-embOS.1.2.0
2022-08-10 19:16:28,221 [WARN] PackLoader:242 - Cannot read IP mode file for portGmbH.I-Cube-SoM-uGOAL.1.1.0
2022-08-10 19:16:28,236 [WARN] PackLoader:242 - Cannot read IP mode file for emotas.I-CUBE-CANOPEN.1.1.2
2022-08-10 19:16:28,236 [INFO] PopulateThirdPartyThread:64 - Ending populate Thread
2022-08-10 19:16:28,236 [INFO] ThirdParty:981 - CMSIS Pack Vendor :STMicroelectronics FP-ATR-ASTRA1 1.1.0
2022-08-10 19:16:28,236 [INFO] ThirdParty:981 - CMSIS Pack Vendor :RoweBots I-CUBE-UNISONRTOS 5.5.0-4
2022-08-10 19:16:28,236 [INFO] ThirdParty:981 - CMSIS Pack Vendor :STMicroelectronics X-CUBE-GNSS1 6.0.0
2022-08-10 19:16:28,236 [INFO] ThirdParty:981 - CMSIS Pack Vendor :STMicroelectronics X-CUBE-AZRTOS-H7 2.1.0
2022-08-10 19:16:28,236 [INFO] ThirdParty:981 - CMSIS Pack Vendor :STMicroelectronics X-CUBE-AZRTOS-F4 1.1.0
2022-08-10 19:16:28,236 [INFO] ThirdParty:981 - CMSIS Pack Vendor :STMicroelectronics X-CUBE-AZRTOS-G4 1.0.0
2022-08-10 19:16:28,236 [INFO] ThirdParty:981 - CMSIS Pack Vendor :wolfSSL I-CUBE-wolfSSL 5.4.0
2022-08-10 19:16:28,236 [INFO] ThirdParty:981 - CMSIS Pack Vendor :STMicroelectronics X-CUBE-AZRTOS-L4 1.0.0
2022-08-10 19:16:28,236 [INFO] ThirdParty:981 - CMSIS Pack Vendor :emotas I-CUBE-CANOPEN 1.1.2
2022-08-10 19:16:28,236 [INFO] ThirdParty:981 - CMSIS Pack Vendor :STMicroelectronics X-CUBE-TOUCHGFX 4.20.0
2022-08-10 19:16:28,236 [INFO] ThirdParty:981 - CMSIS Pack Vendor :STMicroelectronics X-CUBE-NFC7 1.0.0
2022-08-10 19:16:28,236 [INFO] ThirdParty:981 - CMSIS Pack Vendor :STMicroelectronics X-CUBE-BLEMGR 1.0.0
2022-08-10 19:16:28,236 [INFO] ThirdParty:981 - CMSIS Pack Vendor :STMicroelectronics X-CUBE-AZRTOS-WL 1.0.0
2022-08-10 19:16:28,236 [INFO] ThirdParty:981 - CMSIS Pack Vendor :STMicroelectronics X-CUBE-AZRTOS-F7 1.1.0
2022-08-10 19:16:28,236 [INFO] ThirdParty:981 - CMSIS Pack Vendor :STMicroelectronics X-CUBE-ALS 1.0.1
2022-08-10 19:16:28,236 [INFO] ThirdParty:981 - CMSIS Pack Vendor :STMicroelectronics X-CUBE-MEMS1 9.3.0
2022-08-10 19:16:28,236 [INFO] ThirdParty:981 - CMSIS Pack Vendor :portGmbH I-Cube-SoM-uGOAL 1.1.0
2022-08-10 19:16:28,236 [INFO] ThirdParty:981 - CMSIS Pack Vendor :STMicroelectronics X-CUBE-AI 7.2.0
2022-08-10 19:16:28,236 [INFO] ThirdParty:981 - CMSIS Pack Vendor :STMicroelectronics X-CUBE-BLE1 6.2.3
2022-08-10 19:16:28,236 [INFO] ThirdParty:981 - CMSIS Pack Vendor :STMicroelectronics X-CUBE-ALGOBUILD 1.3.0
2022-08-10 19:16:28,236 [INFO] ThirdParty:981 - CMSIS Pack Vendor :STMicroelectronics X-CUBE-AZRTOS-L5 1.0.0
2022-08-10 19:16:28,236 [INFO] ThirdParty:981 - CMSIS Pack Vendor :STMicroelectronics X-CUBE-AZRTOS-G0 1.1.0
2022-08-10 19:16:28,236 [INFO] ThirdParty:981 - CMSIS Pack Vendor :STMicroelectronics X-CUBE-SUBG2 5.0.0
2022-08-10 19:16:28,236 [INFO] ThirdParty:981 - CMSIS Pack Vendor :SEGGER I-CUBE-embOS 1.2.0
2022-08-10 19:16:28,236 [INFO] ThirdParty:981 - CMSIS Pack Vendor :STMicroelectronics X-CUBE-EEPRMA1 3.1.1
2022-08-10 19:16:28,236 [INFO] ThirdParty:981 - CMSIS Pack Vendor :STMicroelectronics X-CUBE-SFXS2LP1 4.0.0
2022-08-10 19:16:28,236 [INFO] ThirdParty:981 - CMSIS Pack Vendor :STMicroelectronics X-CUBE-BLE2 3.3.0
2022-08-10 19:16:28,236 [INFO] ThirdParty:981 - CMSIS Pack Vendor :STMicroelectronics X-CUBE-NFC4 2.0.4
2022-08-10 19:16:28,236 [INFO] ThirdParty:981 - CMSIS Pack Vendor :STMicroelectronics X-CUBE-DISPLAY 2.2.0
2022-08-10 19:16:28,236 [INFO] ThirdParty:981 - CMSIS Pack Vendor :STMicroelectronics X-CUBE-ISPU 1.0.0
2022-08-10 19:16:28,236 [INFO] ThirdParty:981 - CMSIS Pack Vendor :STMicroelectronics X-CUBE-TOF1 3.1.0
2022-08-10 19:16:28,252 [INFO] LoadServerUpdatesThread:367 - End of LoadServerUpdate Thread
2022-08-10 19:16:28,439 [INFO] ApiDb:576 - Connected to CubeFinder SQLite database (C:\Users\ofith\.stmcufinder\plugins\mcufinder\mcu\cube-finder-db.db)
2022-08-10 19:16:28,471 [INFO] ApiDb:663 - CubeFinder database Data Model version=2.1
2022-08-10 19:16:28,471 [INFO] ApiDb:664 - CubeFinder database Configuration version=3.0.32
2022-08-10 19:16:28,471 [INFO] ApiDb:665 - CubeFinder database generation date=2022-06-13 (1655129059)
2022-08-10 19:16:28,471 [INFO] ApiDb:666 - CubeFinder database FW Pack versions=[STM32Cube_FW_C0_V1.0.0, STM32Cube_FW_F4_V1.27.0, STM32Cube_FW_F7_V1.17.0, STM32Cube_FW_G0_V1.6.0, STM32Cube_FW_G4_V1.5.0, STM32Cube_FW_H7_V1.10.0, STM32Cube_FW_L5_V1.4.0, STM32Cube_FW_U5_V1.1.1, STM32Cube_FW_WB_V1.14.0, STM32Cube_FW_WL_V1.2.0, X-CUBE-ALGOBUILD_V1.3.0, X-CUBE-ALS_V1.0.1, X-CUBE-AZRTOS-F4_V1.0.0, X-CUBE-AZRTOS-F7_V1.0.0, X-CUBE-AZRTOS-G0_V1.0.0, X-CUBE-AZRTOS-G4_V1.0.0, X-CUBE-AZRTOS-H7_V2.1.0, X-CUBE-AZRTOS-L4_V1.0.0, X-CUBE-AZRTOS-L5_V1.0.0, X-CUBE-AZRTOS-WL_V1.0.0, X-CUBE-BLE1_V6.2.3, X-CUBE-BLE2_V3.3.0, X-CUBE-EEPRMA1_V3.1.1, X-CUBE-GNSS1_V6.0.0, X-CUBE-MEMS1_V9.1.0, X-CUBE-NFC4_V2.0.3, X-CUBE-NFC7_V1.0.0, X-CUBE-SFXS2LP1_V3.1.0, X-CUBE-SUBG2_V5.0.0]
2022-08-10 19:16:30,049 [INFO] ApiDb:239 - Found 138 in-development CPN: [B-WB1M-WPAN1, NUCLEO-C031C6, STEVAL-STWINBX1, STM320518-EVAL, STM32C0116-DK, STM32C011D6Y3TR, STM32C011D6Y6TR, STM32C011F4P3, STM32C011F4P6, STM32C011F4U3, STM32C011F4U6TR, STM32C011F6P3, STM32C011F6P6, STM32C011F6U3, STM32C011F6U6TR, STM32C011J4M3, STM32C011J4M6, STM32C011J6M3, STM32C011J6M6, STM32C0316-DK, STM32C031C4T3, STM32C031C4T6, STM32C031C4U3, STM32C031C4U6, STM32C031C6T3, STM32C031C6T6, STM32C031C6U3, STM32C031C6U6, STM32C031F4P3, STM32C031F4P6, STM32C031F6P3, STM32C031F6P6, STM32C031G4U3, STM32C031G4U6, STM32C031G6U3, STM32C031G6U6, STM32C031K4T3, STM32C031K4T6, STM32C031K4U3, STM32C031K4U6, STM32C031K6T3, STM32C031K6T6, STM32C031K6U3, STM32C031K6U6, STM32G071K8TXN, STM32G071K8UXN, STM32G081GBU6N, STM32G081KBT6N, STM32G081KBUXN, STM32G0B1CCT6N, STM32G0B1KCT6, STM32G0B1NEY6TR, STM32G0B1RCT6N, STM32G0C1CCT6, STM32G0C1CCT6N, STM32G0C1CCU6N, STM32G0C1CET6N, STM32G0C1CEU6N, STM32G0C1KCT6, STM32G0C1NEY6TR, STM32G0C1RCI6N, STM32G0C1RCT6N, STM32G0C1REI6N, STM32G0C1RET6N, STM32G0C1VCI6, STM32G0C1VEI6, STM32G471CCT6, STM32G471CCU6, STM32G471CET3, STM32G471CET6, STM32G471CEU3, STM32G471CEU6, STM32G471MCT6, STM32G471MET3, STM32G471MET6, STM32G471MEY6TR, STM32G471QCT6, STM32G471QET3, STM32G471RCT6, STM32G471RET3, STM32G471RET6, STM32G471VCH6, STM32G471VCI6, STM32G471VCT6, STM32G471VEH3, STM32G471VEH6, STM32G471VEI3, STM32G471VEI6, STM32G471VET3, STM32G471VET6, STM32G474CCT6, STM32L476VGY6PTR, STM32L4R5QGI6STR, STM32MP131AAE3, STM32MP131AAF3, STM32MP131AAG3, STM32MP131CAE3, STM32MP131CAF3, STM32MP131CAG3, STM32MP131DAE7, STM32MP131DAF7, STM32MP131DAG7, STM32MP131FAE7, STM32MP131FAF7, STM32MP131FAG7, STM32MP133AAE3, STM32MP133AAF3, STM32MP133AAG3, STM32MP133CAE3, STM32MP133CAF3, STM32MP133CAG3, STM32MP133DAE7, STM32MP133DAF7, STM32MP133DAG7, STM32MP133FAE7, STM32MP133FAF7, STM32MP133FAG7, STM32MP135AAE3, STM32MP135AAF3, STM32MP135AAG3, STM32MP135CAE3, STM32MP135CAF3, STM32MP135CAG3, STM32MP135DAE7, STM32MP135DAF7, STM32MP135DAG7, STM32MP135F-DK, STM32MP135FAE7, STM32MP135FAF7, STM32MP135FAG7, STM32U595ZJT6Q, STM32U599BJY6QTR, STM32U599NIH6Q, STM32U599NJH6Q, STM32U5A5ZJT6Q, STM32U5A9BJY6QTR, STM32U5A9NJH6Q, STM32WB1MMCH6]
2022-08-10 19:16:30,049 [INFO] DbMcus:215 - Found 3542 MCUs, 3542 are supported
2022-08-10 19:16:30,049 [INFO] ApiDb:409 - User favorites file not found: C:\Users\ofith/.stm32cubeide/favorites.mcus.txt
2022-08-10 19:16:30,049 [INFO] DbMcus:221 - Set 0 / 0 favorites MCUs
2022-08-10 19:16:31,315 [INFO] ServerAccessManage:474 - Download File 
2022-08-10 19:16:31,987 [INFO] LoadUrlFilesThread:177 - End of LoadServerUrlFiles without Thread
2022-08-10 19:16:32,003 [INFO] DetailPanel:339 - Set advertising image to C:/Users/ofith/STM32Cube/Repository/\en.Prom_NBSTM32U50921.jpg
2022-08-10 19:16:32,566 [INFO] MultiScanPanel:778 - Auto Refresh Data is needed due to updater interval setting
2022-08-10 19:16:32,706 [INFO] ServerAccessManage:474 - Download File mcusAds.json._tmp_
2022-08-10 19:16:32,831 [INFO] LoadUrlFilesThread:150 - End of LoadUrlFiles Thread
2022-08-10 19:16:33,253 [INFO] ServerAccessManage:474 - Download File cube-finder-db.zip
2022-08-10 19:17:16,540 [INFO] FileExtend:239 - Unzip File : cube-finder-db.zip
2022-08-10 19:17:16,540 [INFO] FileExtend:254 - Standard Zip Deflate
2022-08-10 19:17:17,040 [INFO] LoadUrlFilesThread:150 - End of LoadUrlFiles Thread
2022-08-10 19:17:17,619 [INFO] ServerAccessManage:474 - Download File crdb.zip
2022-08-10 19:17:18,385 [INFO] FileExtend:239 - Unzip File : crdb.zip
2022-08-10 19:17:18,385 [INFO] FileExtend:254 - Standard Zip Deflate
2022-08-10 19:17:18,526 [INFO] LoadUrlFilesThread:150 - End of LoadUrlFiles Thread
2022-08-10 19:17:18,651 [INFO] ServerAccessManage:474 - Download File tutoVideoDB.zip
2022-08-10 19:17:18,729 [INFO] FileExtend:239 - Unzip File : tutoVideoDB.zip
2022-08-10 19:17:18,729 [INFO] FileExtend:254 - Standard Zip Deflate
2022-08-10 19:17:18,838 [INFO] LoadUrlFilesThread:150 - End of LoadUrlFiles Thread
2022-08-10 19:17:18,838 [INFO] JxBrowserEngine:106 - Initiate JxBrowser Engine with user profile folder
2022-08-10 19:17:18,964 [ERROR] JxBrowserEngine:59 - Can't initiate JxBrowser engine com.teamdev.jxbrowser.engine.ChromiumBinariesExtractionException: Failed to extract Chromium binaries into C:\Users\ofith\.stm32cubemx\.jxbrowser\Chromium
2022-08-10 19:17:18,964 [WARN] DbFile:40 - Overriding database path with different value: C:\Users\ofith\.stmcufinder\plugins\mcufinder/ => C:\Users\ofith\.stmcufinder\plugins\mcufinder
2022-08-10 19:17:19,042 [INFO] ServerAccessManage:474 - Download File api_config.json
2022-08-10 19:17:19,167 [INFO] LoadUrlFilesThread:150 - End of LoadUrlFiles Thread
2022-08-10 19:17:19,167 [INFO] DbMcusAds:52 - JSON generation date=Thu Sep 30 07:55:09 BST 2021 (1632984909377)
2022-08-10 19:17:19,183 [INFO] ApiDb:443 - Save user favorites file C:\Users\ofith/.stm32cubeide/favorites.mcus.txt: 0 item(s)
2022-08-10 19:17:19,183 [INFO] ApiDb:447 - User favorites MCUs=[]
2022-08-10 19:17:19,183 [INFO] ApiDb:576 - Connected to CubeFinder SQLite database (C:\Users\ofith\.stmcufinder\plugins\mcufinder\mcu\cube-finder-db.db)
2022-08-10 19:17:19,198 [INFO] ApiDb:663 - CubeFinder database Data Model version=2.1
2022-08-10 19:17:19,198 [INFO] ApiDb:664 - CubeFinder database Configuration version=3.0.32
2022-08-10 19:17:19,198 [INFO] ApiDb:665 - CubeFinder database generation date=2022-08-05 (1659688109)
2022-08-10 19:17:19,198 [INFO] ApiDb:666 - CubeFinder database FW Pack versions=[STM32Cube_FW_C0_V1.0.0, STM32Cube_FW_F4_V1.27.1, STM32Cube_FW_F7_V1.17.0, STM32Cube_FW_G0_V1.6.1, STM32Cube_FW_G4_V1.5.0, STM32Cube_FW_H7_V1.10.0, STM32Cube_FW_L5_V1.4.0, STM32Cube_FW_U5_V1.1.1, STM32Cube_FW_WB_V1.14.1, STM32Cube_FW_WL_V1.2.0, X-CUBE-ALGOBUILD_V1.3.0, X-CUBE-ALS_V1.0.1, X-CUBE-AZRTOS-F4_V1.1.0, X-CUBE-AZRTOS-F7_V1.1.0, X-CUBE-AZRTOS-G0_V1.1.0, X-CUBE-AZRTOS-G4_V1.0.0, X-CUBE-AZRTOS-H7_V2.1.0, X-CUBE-AZRTOS-L4_V1.0.0, X-CUBE-AZRTOS-L5_V1.0.0, X-CUBE-AZRTOS-WL_V1.0.0, X-CUBE-BLE1_V6.2.3, X-CUBE-BLE2_V3.3.0, X-CUBE-EEPRMA1_V3.1.1, X-CUBE-GNSS1_V6.0.0, X-CUBE-MEMS1_V9.1.0, X-CUBE-MEMS1_V9.3.0, X-CUBE-NFC4_V2.0.4, X-CUBE-NFC7_V1.0.0, X-CUBE-SFXS2LP1_V4.0.0, X-CUBE-SUBG2_V5.0.0]
2022-08-10 19:17:20,714 [INFO] ApiDb:239 - Found 138 in-development CPN: [B-WB1M-WPAN1, NUCLEO-C031C6, STEVAL-STWINBX1, STM320518-EVAL, STM32C0116-DK, STM32C011D6Y3TR, STM32C011D6Y6TR, STM32C011F4P3, STM32C011F4P6, STM32C011F4U3, STM32C011F4U6TR, STM32C011F6P3, STM32C011F6P6, STM32C011F6U3, STM32C011F6U6TR, STM32C011J4M3, STM32C011J4M6, STM32C011J6M3, STM32C011J6M6, STM32C0316-DK, STM32C031C4T3, STM32C031C4T6, STM32C031C4U3, STM32C031C4U6, STM32C031C6T3, STM32C031C6T6, STM32C031C6U3, STM32C031C6U6, STM32C031F4P3, STM32C031F4P6, STM32C031F6P3, STM32C031F6P6, STM32C031G4U3, STM32C031G4U6, STM32C031G6U3, STM32C031G6U6, STM32C031K4T3, STM32C031K4T6, STM32C031K4U3, STM32C031K4U6, STM32C031K6T3, STM32C031K6T6, STM32C031K6U3, STM32C031K6U6, STM32G071K8TXN, STM32G071K8UXN, STM32G081GBU6N, STM32G081KBT6N, STM32G081KBUXN, STM32G0B1CCT6N, STM32G0B1KCT6, STM32G0B1NEY6TR, STM32G0B1RCT6N, STM32G0C1CCT6, STM32G0C1CCT6N, STM32G0C1CCU6N, STM32G0C1CET6N, STM32G0C1CEU6N, STM32G0C1KCT6, STM32G0C1NEY6TR, STM32G0C1RCI6N, STM32G0C1RCT6N, STM32G0C1REI6N, STM32G0C1RET6N, STM32G0C1VCI6, STM32G0C1VEI6, STM32G471CCT6, STM32G471CCU6, STM32G471CET3, STM32G471CET6, STM32G471CEU3, STM32G471CEU6, STM32G471MCT6, STM32G471MET3, STM32G471MET6, STM32G471MEY6TR, STM32G471QCT6, STM32G471QET3, STM32G471RCT6, STM32G471RET3, STM32G471RET6, STM32G471VCH6, STM32G471VCI6, STM32G471VCT6, STM32G471VEH3, STM32G471VEH6, STM32G471VEI3, STM32G471VEI6, STM32G471VET3, STM32G471VET6, STM32G474CCT6, STM32L476VGY6PTR, STM32L4R5QGI6STR, STM32MP131AAE3, STM32MP131AAF3, STM32MP131AAG3, STM32MP131CAE3, STM32MP131CAF3, STM32MP131CAG3, STM32MP131DAE7, STM32MP131DAF7, STM32MP131DAG7, STM32MP131FAE7, STM32MP131FAF7, STM32MP131FAG7, STM32MP133AAE3, STM32MP133AAF3, STM32MP133AAG3, STM32MP133CAE3, STM32MP133CAF3, STM32MP133CAG3, STM32MP133DAE7, STM32MP133DAF7, STM32MP133DAG7, STM32MP133FAE7, STM32MP133FAF7, STM32MP133FAG7, STM32MP135AAE3, STM32MP135AAF3, STM32MP135AAG3, STM32MP135CAE3, STM32MP135CAF3, STM32MP135CAG3, STM32MP135DAE7, STM32MP135DAF7, STM32MP135DAG7, STM32MP135F-DK, STM32MP135FAE7, STM32MP135FAF7, STM32MP135FAG7, STM32U595ZJT6Q, STM32U599BJY6QTR, STM32U599NIH6Q, STM32U599NJH6Q, STM32U5A5ZJT6Q, STM32U5A9BJY6QTR, STM32U5A9NJH6Q, STM32WB1MMCH6]
2022-08-10 19:17:20,714 [INFO] DbMcus:215 - Found 3542 MCUs, 3542 are supported
2022-08-10 19:17:20,714 [INFO] ApiDb:418 - Load user favorites file C:\Users\ofith/.stm32cubeide/favorites.mcus.txt: 0 item(s)
2022-08-10 19:17:20,714 [INFO] ApiDb:422 - User favorites MCUs=[]
2022-08-10 19:17:20,714 [INFO] DbMcus:221 - Set 0 / 0 favorites MCUs
2022-08-10 19:17:21,354 [INFO] LoadUrlFilesThread:177 - End of LoadServerUrlFiles without Thread
2022-08-10 19:17:21,354 [INFO] MultiScanPanel:785 - Refresh data is successful
2022-08-10 19:17:21,354 [INFO] ApiDb:663 - CubeFinder database Data Model version=2.1
2022-08-10 19:17:21,354 [INFO] ApiDb:664 - CubeFinder database Configuration version=3.0.32
2022-08-10 19:17:21,354 [INFO] ApiDb:665 - CubeFinder database generation date=2022-08-05 (1659688109)
2022-08-10 19:17:21,354 [INFO] ApiDb:666 - CubeFinder database FW Pack versions=[STM32Cube_FW_C0_V1.0.0, STM32Cube_FW_F4_V1.27.1, STM32Cube_FW_F7_V1.17.0, STM32Cube_FW_G0_V1.6.1, STM32Cube_FW_G4_V1.5.0, STM32Cube_FW_H7_V1.10.0, STM32Cube_FW_L5_V1.4.0, STM32Cube_FW_U5_V1.1.1, STM32Cube_FW_WB_V1.14.1, STM32Cube_FW_WL_V1.2.0, X-CUBE-ALGOBUILD_V1.3.0, X-CUBE-ALS_V1.0.1, X-CUBE-AZRTOS-F4_V1.1.0, X-CUBE-AZRTOS-F7_V1.1.0, X-CUBE-AZRTOS-G0_V1.1.0, X-CUBE-AZRTOS-G4_V1.0.0, X-CUBE-AZRTOS-H7_V2.1.0, X-CUBE-AZRTOS-L4_V1.0.0, X-CUBE-AZRTOS-L5_V1.0.0, X-CUBE-AZRTOS-WL_V1.0.0, X-CUBE-BLE1_V6.2.3, X-CUBE-BLE2_V3.3.0, X-CUBE-EEPRMA1_V3.1.1, X-CUBE-GNSS1_V6.0.0, X-CUBE-MEMS1_V9.1.0, X-CUBE-MEMS1_V9.3.0, X-CUBE-NFC4_V2.0.4, X-CUBE-NFC7_V1.0.0, X-CUBE-SFXS2LP1_V4.0.0, X-CUBE-SUBG2_V5.0.0]
2022-08-10 19:17:21,418 [INFO] DbBoardsSqlite:227 - include board P-NUCLEO-WB55-NUCLEO as a kit item of type 'Nucleo-64'
2022-08-10 19:17:21,418 [INFO] DbBoardsSqlite:227 - include board P-NUCLEO-WB55-USBDONGLE as a kit item of type 'Nucleo USB Dongle'
2022-08-10 19:17:21,418 [INFO] DbBoardsSqlite:227 - include board STEVAL-IDP005V1 as a kit item of type 'Evaluation Board'
2022-08-10 19:17:21,418 [INFO] DbBoardsSqlite:227 - include board STEVAL-IDP005V2 as a kit item of type 'Evaluation Board'
2022-08-10 19:17:21,418 [INFO] ApiDb:239 - Found 138 in-development CPN: [B-WB1M-WPAN1, NUCLEO-C031C6, STEVAL-STWINBX1, STM320518-EVAL, STM32C0116-DK, STM32C011D6Y3TR, STM32C011D6Y6TR, STM32C011F4P3, STM32C011F4P6, STM32C011F4U3, STM32C011F4U6TR, STM32C011F6P3, STM32C011F6P6, STM32C011F6U3, STM32C011F6U6TR, STM32C011J4M3, STM32C011J4M6, STM32C011J6M3, STM32C011J6M6, STM32C0316-DK, STM32C031C4T3, STM32C031C4T6, STM32C031C4U3, STM32C031C4U6, STM32C031C6T3, STM32C031C6T6, STM32C031C6U3, STM32C031C6U6, STM32C031F4P3, STM32C031F4P6, STM32C031F6P3, STM32C031F6P6, STM32C031G4U3, STM32C031G4U6, STM32C031G6U3, STM32C031G6U6, STM32C031K4T3, STM32C031K4T6, STM32C031K4U3, STM32C031K4U6, STM32C031K6T3, STM32C031K6T6, STM32C031K6U3, STM32C031K6U6, STM32G071K8TXN, STM32G071K8UXN, STM32G081GBU6N, STM32G081KBT6N, STM32G081KBUXN, STM32G0B1CCT6N, STM32G0B1KCT6, STM32G0B1NEY6TR, STM32G0B1RCT6N, STM32G0C1CCT6, STM32G0C1CCT6N, STM32G0C1CCU6N, STM32G0C1CET6N, STM32G0C1CEU6N, STM32G0C1KCT6, STM32G0C1NEY6TR, STM32G0C1RCI6N, STM32G0C1RCT6N, STM32G0C1REI6N, STM32G0C1RET6N, STM32G0C1VCI6, STM32G0C1VEI6, STM32G471CCT6, STM32G471CCU6, STM32G471CET3, STM32G471CET6, STM32G471CEU3, STM32G471CEU6, STM32G471MCT6, STM32G471MET3, STM32G471MET6, STM32G471MEY6TR, STM32G471QCT6, STM32G471QET3, STM32G471RCT6, STM32G471RET3, STM32G471RET6, STM32G471VCH6, STM32G471VCI6, STM32G471VCT6, STM32G471VEH3, STM32G471VEH6, STM32G471VEI3, STM32G471VEI6, STM32G471VET3, STM32G471VET6, STM32G474CCT6, STM32L476VGY6PTR, STM32L4R5QGI6STR, STM32MP131AAE3, STM32MP131AAF3, STM32MP131AAG3, STM32MP131CAE3, STM32MP131CAF3, STM32MP131CAG3, STM32MP131DAE7, STM32MP131DAF7, STM32MP131DAG7, STM32MP131FAE7, STM32MP131FAF7, STM32MP131FAG7, STM32MP133AAE3, STM32MP133AAF3, STM32MP133AAG3, STM32MP133CAE3, STM32MP133CAF3, STM32MP133CAG3, STM32MP133DAE7, STM32MP133DAF7, STM32MP133DAG7, STM32MP133FAE7, STM32MP133FAF7, STM32MP133FAG7, STM32MP135AAE3, STM32MP135AAF3, STM32MP135AAG3, STM32MP135CAE3, STM32MP135CAF3, STM32MP135CAG3, STM32MP135DAE7, STM32MP135DAF7, STM32MP135DAG7, STM32MP135F-DK, STM32MP135FAE7, STM32MP135FAF7, STM32MP135FAG7, STM32U595ZJT6Q, STM32U599BJY6QTR, STM32U599NIH6Q, STM32U599NJH6Q, STM32U5A5ZJT6Q, STM32U5A9BJY6QTR, STM32U5A9NJH6Q, STM32WB1MMCH6]
2022-08-10 19:17:21,495 [INFO] BoardInfo:879 - No configuration file found for board P-NUCLEO-WB55
2022-08-10 19:17:21,495 [INFO] DbBoards:156 - Kit is not supported: P-NUCLEO-WB55
2022-08-10 19:17:21,495 [INFO] BoardInfo:879 - No configuration file found for board STEVAL-BFA001V1B
2022-08-10 19:17:21,511 [INFO] DbBoards:156 - Kit is not supported: STEVAL-BFA001V1B
2022-08-10 19:17:21,511 [INFO] BoardInfo:879 - No configuration file found for board STEVAL-BFA001V2B
2022-08-10 19:17:21,511 [INFO] DbBoards:156 - Kit is not supported: STEVAL-BFA001V2B
2022-08-10 19:17:21,589 [INFO] DbBoards:160 - Found 176 boards, 173 are supported
2022-08-10 19:17:21,605 [INFO] ApiDb:409 - User favorites file not found: C:\Users\ofith/.stm32cubeide/favorites.boards.txt
2022-08-10 19:17:21,605 [INFO] DbBoards:189 - Set 0 / 0 favorites Boards
2022-08-10 19:17:22,042 [INFO] ApiDb:663 - CubeFinder database Data Model version=2.1
2022-08-10 19:17:22,042 [INFO] ApiDb:664 - CubeFinder database Configuration version=3.0.32
2022-08-10 19:17:22,042 [INFO] ApiDb:665 - CubeFinder database generation date=2022-08-05 (1659688109)
2022-08-10 19:17:22,042 [INFO] ApiDb:666 - CubeFinder database FW Pack versions=[STM32Cube_FW_C0_V1.0.0, STM32Cube_FW_F4_V1.27.1, STM32Cube_FW_F7_V1.17.0, STM32Cube_FW_G0_V1.6.1, STM32Cube_FW_G4_V1.5.0, STM32Cube_FW_H7_V1.10.0, STM32Cube_FW_L5_V1.4.0, STM32Cube_FW_U5_V1.1.1, STM32Cube_FW_WB_V1.14.1, STM32Cube_FW_WL_V1.2.0, X-CUBE-ALGOBUILD_V1.3.0, X-CUBE-ALS_V1.0.1, X-CUBE-AZRTOS-F4_V1.1.0, X-CUBE-AZRTOS-F7_V1.1.0, X-CUBE-AZRTOS-G0_V1.1.0, X-CUBE-AZRTOS-G4_V1.0.0, X-CUBE-AZRTOS-H7_V2.1.0, X-CUBE-AZRTOS-L4_V1.0.0, X-CUBE-AZRTOS-L5_V1.0.0, X-CUBE-AZRTOS-WL_V1.0.0, X-CUBE-BLE1_V6.2.3, X-CUBE-BLE2_V3.3.0, X-CUBE-EEPRMA1_V3.1.1, X-CUBE-GNSS1_V6.0.0, X-CUBE-MEMS1_V9.1.0, X-CUBE-MEMS1_V9.3.0, X-CUBE-NFC4_V2.0.4, X-CUBE-NFC7_V1.0.0, X-CUBE-SFXS2LP1_V4.0.0, X-CUBE-SUBG2_V5.0.0]
2022-08-10 19:17:22,746 [INFO] DbExamplesSqlite:374 - Ignored 31 examples not supported by CubeIDE
2022-08-10 19:17:22,746 [INFO] DbExamplesSqlite:375 - Found 6197 examples active
2022-08-10 19:17:22,746 [INFO] DbExamplesSqlite:376 - Found 89 examples obsolete
2022-08-10 19:17:22,746 [INFO] DbExamplesSqlite:377 - Found 0 examples under development
2022-08-10 19:17:22,746 [INFO] DbExamplesSqlite:378 - Found 76 examples not building
2022-08-10 19:17:22,746 [INFO] DbExamples:124 - Found 6242 examples
2022-08-10 19:17:22,762 [INFO] DbExamples:221 - Found 77 boards with related examples
2022-08-10 19:17:22,762 [INFO] DbExamples:234 - Found 64 MCUs with related examples
2022-08-10 19:17:22,777 [INFO] ApiDb:409 - User favorites file not found: C:\Users\ofith/.stm32cubeide/favorites.examples.txt
2022-08-10 19:17:22,777 [INFO] DbExamples:249 - Set 0 / 0 favorites Examples
2022-08-10 19:17:23,340 [INFO] ServerAccessManage:474 - Download File cube-finder-db.zip
2022-08-10 19:17:36,595 [INFO] FileExtend:239 - Unzip File : cube-finder-db.zip
2022-08-10 19:17:36,595 [INFO] FileExtend:254 - Standard Zip Deflate
2022-08-10 19:17:37,095 [INFO] LoadUrlFilesThread:150 - End of LoadUrlFiles Thread
2022-08-10 19:17:37,923 [INFO] ServerAccessManage:474 - Download File crdb.zip
2022-08-10 19:17:38,862 [INFO] FileExtend:239 - Unzip File : crdb.zip
2022-08-10 19:17:38,862 [INFO] FileExtend:254 - Standard Zip Deflate
2022-08-10 19:17:38,987 [INFO] LoadUrlFilesThread:150 - End of LoadUrlFiles Thread
2022-08-10 19:17:39,081 [INFO] ServerAccessManage:474 - Download File tutoVideoDB.zip
2022-08-10 19:17:39,237 [INFO] FileExtend:239 - Unzip File : tutoVideoDB.zip
2022-08-10 19:17:39,237 [INFO] FileExtend:254 - Standard Zip Deflate
2022-08-10 19:17:39,378 [INFO] LoadUrlFilesThread:150 - End of LoadUrlFiles Thread
2022-08-10 19:17:39,378 [WARN] DbFile:40 - Overriding database path with different value: C:\Users\ofith\.stmcufinder\plugins\mcufinder/ => C:\Users\ofith\.stmcufinder\plugins\mcufinder
2022-08-10 19:17:39,487 [INFO] ServerAccessManage:474 - Download File api_config.json
2022-08-10 19:17:39,597 [INFO] LoadUrlFilesThread:150 - End of LoadUrlFiles Thread
2022-08-10 19:17:39,597 [INFO] DbMcusAds:52 - JSON generation date=Thu Sep 30 07:55:09 BST 2021 (1632984909377)
2022-08-10 19:17:39,597 [INFO] ApiDb:443 - Save user favorites file C:\Users\ofith/.stm32cubeide/favorites.mcus.txt: 0 item(s)
2022-08-10 19:17:39,597 [INFO] ApiDb:447 - User favorites MCUs=[]
2022-08-10 19:17:39,612 [INFO] ApiDb:576 - Connected to CubeFinder SQLite database (C:\Users\ofith\.stmcufinder\plugins\mcufinder\mcu\cube-finder-db.db)
2022-08-10 19:17:39,628 [INFO] ApiDb:663 - CubeFinder database Data Model version=2.1
2022-08-10 19:17:39,628 [INFO] ApiDb:664 - CubeFinder database Configuration version=3.0.32
2022-08-10 19:17:39,628 [INFO] ApiDb:665 - CubeFinder database generation date=2022-08-05 (1659688109)
2022-08-10 19:17:39,628 [INFO] ApiDb:666 - CubeFinder database FW Pack versions=[STM32Cube_FW_C0_V1.0.0, STM32Cube_FW_F4_V1.27.1, STM32Cube_FW_F7_V1.17.0, STM32Cube_FW_G0_V1.6.1, STM32Cube_FW_G4_V1.5.0, STM32Cube_FW_H7_V1.10.0, STM32Cube_FW_L5_V1.4.0, STM32Cube_FW_U5_V1.1.1, STM32Cube_FW_WB_V1.14.1, STM32Cube_FW_WL_V1.2.0, X-CUBE-ALGOBUILD_V1.3.0, X-CUBE-ALS_V1.0.1, X-CUBE-AZRTOS-F4_V1.1.0, X-CUBE-AZRTOS-F7_V1.1.0, X-CUBE-AZRTOS-G0_V1.1.0, X-CUBE-AZRTOS-G4_V1.0.0, X-CUBE-AZRTOS-H7_V2.1.0, X-CUBE-AZRTOS-L4_V1.0.0, X-CUBE-AZRTOS-L5_V1.0.0, X-CUBE-AZRTOS-WL_V1.0.0, X-CUBE-BLE1_V6.2.3, X-CUBE-BLE2_V3.3.0, X-CUBE-EEPRMA1_V3.1.1, X-CUBE-GNSS1_V6.0.0, X-CUBE-MEMS1_V9.1.0, X-CUBE-MEMS1_V9.3.0, X-CUBE-NFC4_V2.0.4, X-CUBE-NFC7_V1.0.0, X-CUBE-SFXS2LP1_V4.0.0, X-CUBE-SUBG2_V5.0.0]
2022-08-10 19:17:40,974 [INFO] ApiDb:239 - Found 138 in-development CPN: [B-WB1M-WPAN1, NUCLEO-C031C6, STEVAL-STWINBX1, STM320518-EVAL, STM32C0116-DK, STM32C011D6Y3TR, STM32C011D6Y6TR, STM32C011F4P3, STM32C011F4P6, STM32C011F4U3, STM32C011F4U6TR, STM32C011F6P3, STM32C011F6P6, STM32C011F6U3, STM32C011F6U6TR, STM32C011J4M3, STM32C011J4M6, STM32C011J6M3, STM32C011J6M6, STM32C0316-DK, STM32C031C4T3, STM32C031C4T6, STM32C031C4U3, STM32C031C4U6, STM32C031C6T3, STM32C031C6T6, STM32C031C6U3, STM32C031C6U6, STM32C031F4P3, STM32C031F4P6, STM32C031F6P3, STM32C031F6P6, STM32C031G4U3, STM32C031G4U6, STM32C031G6U3, STM32C031G6U6, STM32C031K4T3, STM32C031K4T6, STM32C031K4U3, STM32C031K4U6, STM32C031K6T3, STM32C031K6T6, STM32C031K6U3, STM32C031K6U6, STM32G071K8TXN, STM32G071K8UXN, STM32G081GBU6N, STM32G081KBT6N, STM32G081KBUXN, STM32G0B1CCT6N, STM32G0B1KCT6, STM32G0B1NEY6TR, STM32G0B1RCT6N, STM32G0C1CCT6, STM32G0C1CCT6N, STM32G0C1CCU6N, STM32G0C1CET6N, STM32G0C1CEU6N, STM32G0C1KCT6, STM32G0C1NEY6TR, STM32G0C1RCI6N, STM32G0C1RCT6N, STM32G0C1REI6N, STM32G0C1RET6N, STM32G0C1VCI6, STM32G0C1VEI6, STM32G471CCT6, STM32G471CCU6, STM32G471CET3, STM32G471CET6, STM32G471CEU3, STM32G471CEU6, STM32G471MCT6, STM32G471MET3, STM32G471MET6, STM32G471MEY6TR, STM32G471QCT6, STM32G471QET3, STM32G471RCT6, STM32G471RET3, STM32G471RET6, STM32G471VCH6, STM32G471VCI6, STM32G471VCT6, STM32G471VEH3, STM32G471VEH6, STM32G471VEI3, STM32G471VEI6, STM32G471VET3, STM32G471VET6, STM32G474CCT6, STM32L476VGY6PTR, STM32L4R5QGI6STR, STM32MP131AAE3, STM32MP131AAF3, STM32MP131AAG3, STM32MP131CAE3, STM32MP131CAF3, STM32MP131CAG3, STM32MP131DAE7, STM32MP131DAF7, STM32MP131DAG7, STM32MP131FAE7, STM32MP131FAF7, STM32MP131FAG7, STM32MP133AAE3, STM32MP133AAF3, STM32MP133AAG3, STM32MP133CAE3, STM32MP133CAF3, STM32MP133CAG3, STM32MP133DAE7, STM32MP133DAF7, STM32MP133DAG7, STM32MP133FAE7, STM32MP133FAF7, STM32MP133FAG7, STM32MP135AAE3, STM32MP135AAF3, STM32MP135AAG3, STM32MP135CAE3, STM32MP135CAF3, STM32MP135CAG3, STM32MP135DAE7, STM32MP135DAF7, STM32MP135DAG7, STM32MP135F-DK, STM32MP135FAE7, STM32MP135FAF7, STM32MP135FAG7, STM32U595ZJT6Q, STM32U599BJY6QTR, STM32U599NIH6Q, STM32U599NJH6Q, STM32U5A5ZJT6Q, STM32U5A9BJY6QTR, STM32U5A9NJH6Q, STM32WB1MMCH6]
2022-08-10 19:17:40,974 [INFO] DbMcus:215 - Found 3542 MCUs, 3542 are supported
2022-08-10 19:17:40,974 [INFO] ApiDb:418 - Load user favorites file C:\Users\ofith/.stm32cubeide/favorites.mcus.txt: 0 item(s)
2022-08-10 19:17:40,974 [INFO] ApiDb:422 - User favorites MCUs=[]
2022-08-10 19:17:40,974 [INFO] DbMcus:221 - Set 0 / 0 favorites MCUs
2022-08-10 19:17:41,380 [INFO] ApiDb:443 - Save user favorites file C:\Users\ofith/.stm32cubeide/favorites.boards.txt: 0 item(s)
2022-08-10 19:17:41,380 [INFO] ApiDb:447 - User favorites Boards=[]
2022-08-10 19:17:41,380 [INFO] ApiDb:576 - Connected to CubeFinder SQLite database (C:\Users\ofith\.stmcufinder\plugins\mcufinder\mcu\cube-finder-db.db)
2022-08-10 19:17:41,395 [INFO] ApiDb:663 - CubeFinder database Data Model version=2.1
2022-08-10 19:17:41,395 [INFO] ApiDb:664 - CubeFinder database Configuration version=3.0.32
2022-08-10 19:17:41,395 [INFO] ApiDb:665 - CubeFinder database generation date=2022-08-05 (1659688109)
2022-08-10 19:17:41,395 [INFO] ApiDb:666 - CubeFinder database FW Pack versions=[STM32Cube_FW_C0_V1.0.0, STM32Cube_FW_F4_V1.27.1, STM32Cube_FW_F7_V1.17.0, STM32Cube_FW_G0_V1.6.1, STM32Cube_FW_G4_V1.5.0, STM32Cube_FW_H7_V1.10.0, STM32Cube_FW_L5_V1.4.0, STM32Cube_FW_U5_V1.1.1, STM32Cube_FW_WB_V1.14.1, STM32Cube_FW_WL_V1.2.0, X-CUBE-ALGOBUILD_V1.3.0, X-CUBE-ALS_V1.0.1, X-CUBE-AZRTOS-F4_V1.1.0, X-CUBE-AZRTOS-F7_V1.1.0, X-CUBE-AZRTOS-G0_V1.1.0, X-CUBE-AZRTOS-G4_V1.0.0, X-CUBE-AZRTOS-H7_V2.1.0, X-CUBE-AZRTOS-L4_V1.0.0, X-CUBE-AZRTOS-L5_V1.0.0, X-CUBE-AZRTOS-WL_V1.0.0, X-CUBE-BLE1_V6.2.3, X-CUBE-BLE2_V3.3.0, X-CUBE-EEPRMA1_V3.1.1, X-CUBE-GNSS1_V6.0.0, X-CUBE-MEMS1_V9.1.0, X-CUBE-MEMS1_V9.3.0, X-CUBE-NFC4_V2.0.4, X-CUBE-NFC7_V1.0.0, X-CUBE-SFXS2LP1_V4.0.0, X-CUBE-SUBG2_V5.0.0]
2022-08-10 19:17:41,442 [INFO] DbBoardsSqlite:227 - include board P-NUCLEO-WB55-NUCLEO as a kit item of type 'Nucleo-64'
2022-08-10 19:17:41,442 [INFO] DbBoardsSqlite:227 - include board P-NUCLEO-WB55-USBDONGLE as a kit item of type 'Nucleo USB Dongle'
2022-08-10 19:17:41,442 [INFO] DbBoardsSqlite:227 - include board STEVAL-IDP005V1 as a kit item of type 'Evaluation Board'
2022-08-10 19:17:41,442 [INFO] DbBoardsSqlite:227 - include board STEVAL-IDP005V2 as a kit item of type 'Evaluation Board'
2022-08-10 19:17:41,458 [INFO] ApiDb:239 - Found 138 in-development CPN: [B-WB1M-WPAN1, NUCLEO-C031C6, STEVAL-STWINBX1, STM320518-EVAL, STM32C0116-DK, STM32C011D6Y3TR, STM32C011D6Y6TR, STM32C011F4P3, STM32C011F4P6, STM32C011F4U3, STM32C011F4U6TR, STM32C011F6P3, STM32C011F6P6, STM32C011F6U3, STM32C011F6U6TR, STM32C011J4M3, STM32C011J4M6, STM32C011J6M3, STM32C011J6M6, STM32C0316-DK, STM32C031C4T3, STM32C031C4T6, STM32C031C4U3, STM32C031C4U6, STM32C031C6T3, STM32C031C6T6, STM32C031C6U3, STM32C031C6U6, STM32C031F4P3, STM32C031F4P6, STM32C031F6P3, STM32C031F6P6, STM32C031G4U3, STM32C031G4U6, STM32C031G6U3, STM32C031G6U6, STM32C031K4T3, STM32C031K4T6, STM32C031K4U3, STM32C031K4U6, STM32C031K6T3, STM32C031K6T6, STM32C031K6U3, STM32C031K6U6, STM32G071K8TXN, STM32G071K8UXN, STM32G081GBU6N, STM32G081KBT6N, STM32G081KBUXN, STM32G0B1CCT6N, STM32G0B1KCT6, STM32G0B1NEY6TR, STM32G0B1RCT6N, STM32G0C1CCT6, STM32G0C1CCT6N, STM32G0C1CCU6N, STM32G0C1CET6N, STM32G0C1CEU6N, STM32G0C1KCT6, STM32G0C1NEY6TR, STM32G0C1RCI6N, STM32G0C1RCT6N, STM32G0C1REI6N, STM32G0C1RET6N, STM32G0C1VCI6, STM32G0C1VEI6, STM32G471CCT6, STM32G471CCU6, STM32G471CET3, STM32G471CET6, STM32G471CEU3, STM32G471CEU6, STM32G471MCT6, STM32G471MET3, STM32G471MET6, STM32G471MEY6TR, STM32G471QCT6, STM32G471QET3, STM32G471RCT6, STM32G471RET3, STM32G471RET6, STM32G471VCH6, STM32G471VCI6, STM32G471VCT6, STM32G471VEH3, STM32G471VEH6, STM32G471VEI3, STM32G471VEI6, STM32G471VET3, STM32G471VET6, STM32G474CCT6, STM32L476VGY6PTR, STM32L4R5QGI6STR, STM32MP131AAE3, STM32MP131AAF3, STM32MP131AAG3, STM32MP131CAE3, STM32MP131CAF3, STM32MP131CAG3, STM32MP131DAE7, STM32MP131DAF7, STM32MP131DAG7, STM32MP131FAE7, STM32MP131FAF7, STM32MP131FAG7, STM32MP133AAE3, STM32MP133AAF3, STM32MP133AAG3, STM32MP133CAE3, STM32MP133CAF3, STM32MP133CAG3, STM32MP133DAE7, STM32MP133DAF7, STM32MP133DAG7, STM32MP133FAE7, STM32MP133FAF7, STM32MP133FAG7, STM32MP135AAE3, STM32MP135AAF3, STM32MP135AAG3, STM32MP135CAE3, STM32MP135CAF3, STM32MP135CAG3, STM32MP135DAE7, STM32MP135DAF7, STM32MP135DAG7, STM32MP135F-DK, STM32MP135FAE7, STM32MP135FAF7, STM32MP135FAG7, STM32U595ZJT6Q, STM32U599BJY6QTR, STM32U599NIH6Q, STM32U599NJH6Q, STM32U5A5ZJT6Q, STM32U5A9BJY6QTR, STM32U5A9NJH6Q, STM32WB1MMCH6]
2022-08-10 19:17:41,520 [INFO] BoardInfo:879 - No configuration file found for board P-NUCLEO-WB55
2022-08-10 19:17:41,536 [INFO] DbBoards:156 - Kit is not supported: P-NUCLEO-WB55
2022-08-10 19:17:41,536 [INFO] BoardInfo:879 - No configuration file found for board STEVAL-BFA001V1B
2022-08-10 19:17:41,536 [INFO] DbBoards:156 - Kit is not supported: STEVAL-BFA001V1B
2022-08-10 19:17:41,536 [INFO] BoardInfo:879 - No configuration file found for board STEVAL-BFA001V2B
2022-08-10 19:17:41,536 [INFO] DbBoards:156 - Kit is not supported: STEVAL-BFA001V2B
2022-08-10 19:17:41,630 [INFO] DbBoards:160 - Found 176 boards, 173 are supported
2022-08-10 19:17:41,630 [INFO] ApiDb:418 - Load user favorites file C:\Users\ofith/.stm32cubeide/favorites.boards.txt: 0 item(s)
2022-08-10 19:17:41,630 [INFO] ApiDb:422 - User favorites Boards=[]
2022-08-10 19:17:41,630 [INFO] DbBoards:189 - Set 0 / 0 favorites Boards
2022-08-10 19:17:41,927 [INFO] ApiDb:443 - Save user favorites file C:\Users\ofith/.stm32cubeide/favorites.examples.txt: 0 item(s)
2022-08-10 19:17:41,927 [INFO] ApiDb:447 - User favorites Examples=[]
2022-08-10 19:17:41,927 [INFO] ApiDb:576 - Connected to CubeFinder SQLite database (C:\Users\ofith\.stmcufinder\plugins\mcufinder\mcu\cube-finder-db.db)
2022-08-10 19:17:41,943 [INFO] ApiDb:663 - CubeFinder database Data Model version=2.1
2022-08-10 19:17:41,943 [INFO] ApiDb:664 - CubeFinder database Configuration version=3.0.32
2022-08-10 19:17:41,943 [INFO] ApiDb:665 - CubeFinder database generation date=2022-08-05 (1659688109)
2022-08-10 19:17:41,943 [INFO] ApiDb:666 - CubeFinder database FW Pack versions=[STM32Cube_FW_C0_V1.0.0, STM32Cube_FW_F4_V1.27.1, STM32Cube_FW_F7_V1.17.0, STM32Cube_FW_G0_V1.6.1, STM32Cube_FW_G4_V1.5.0, STM32Cube_FW_H7_V1.10.0, STM32Cube_FW_L5_V1.4.0, STM32Cube_FW_U5_V1.1.1, STM32Cube_FW_WB_V1.14.1, STM32Cube_FW_WL_V1.2.0, X-CUBE-ALGOBUILD_V1.3.0, X-CUBE-ALS_V1.0.1, X-CUBE-AZRTOS-F4_V1.1.0, X-CUBE-AZRTOS-F7_V1.1.0, X-CUBE-AZRTOS-G0_V1.1.0, X-CUBE-AZRTOS-G4_V1.0.0, X-CUBE-AZRTOS-H7_V2.1.0, X-CUBE-AZRTOS-L4_V1.0.0, X-CUBE-AZRTOS-L5_V1.0.0, X-CUBE-AZRTOS-WL_V1.0.0, X-CUBE-BLE1_V6.2.3, X-CUBE-BLE2_V3.3.0, X-CUBE-EEPRMA1_V3.1.1, X-CUBE-GNSS1_V6.0.0, X-CUBE-MEMS1_V9.1.0, X-CUBE-MEMS1_V9.3.0, X-CUBE-NFC4_V2.0.4, X-CUBE-NFC7_V1.0.0, X-CUBE-SFXS2LP1_V4.0.0, X-CUBE-SUBG2_V5.0.0]
2022-08-10 19:17:42,505 [INFO] DbExamplesSqlite:374 - Ignored 31 examples not supported by CubeIDE
2022-08-10 19:17:42,505 [INFO] DbExamplesSqlite:375 - Found 6197 examples active
2022-08-10 19:17:42,505 [INFO] DbExamplesSqlite:376 - Found 89 examples obsolete
2022-08-10 19:17:42,505 [INFO] DbExamplesSqlite:377 - Found 0 examples under development
2022-08-10 19:17:42,505 [INFO] DbExamplesSqlite:378 - Found 76 examples not building
2022-08-10 19:17:42,505 [INFO] DbExamples:124 - Found 6242 examples
2022-08-10 19:17:42,505 [INFO] DbExamples:221 - Found 77 boards with related examples
2022-08-10 19:17:42,505 [INFO] DbExamples:234 - Found 64 MCUs with related examples
2022-08-10 19:17:42,537 [INFO] ApiDb:418 - Load user favorites file C:\Users\ofith/.stm32cubeide/favorites.examples.txt: 0 item(s)
2022-08-10 19:17:42,537 [INFO] ApiDb:422 - User favorites Examples=[]
2022-08-10 19:17:42,537 [INFO] DbExamples:249 - Set 0 / 0 favorites Examples
2022-08-10 19:17:43,005 [INFO] LoadUrlFilesThread:177 - End of LoadServerUrlFiles without Thread
2022-08-10 19:17:43,005 [INFO] TargetSelectorAdapter:228 - Refresh data is successful
2022-08-10 19:17:43,021 [INFO] McuFinderGlobals:57 - Set McuFinderConnectedMode to true
2022-08-10 19:17:43,021 [INFO] MultiScanPanel:195 - Auto-refresh data requested => check proxy status ongoing
2022-08-10 19:17:43,021 [INFO] FinderPluginLoader:92 - Searching for filters in installed packs
2022-08-10 19:17:43,740 [INFO] LoadUrlFilesThread:177 - End of LoadServerUrlFiles without Thread
2022-08-10 19:17:43,740 [INFO] DetailPanel:339 - Set advertising image to C:/Users/ofith/STM32Cube/Repository/\en.Prom_NBSTM32U50921.jpg
2022-08-10 19:17:48,017 [INFO] MultiScanPanel:195 - Auto-refresh data requested => check proxy status ongoing
2022-08-10 19:17:48,095 [INFO] LoadUrlFilesThread:177 - End of LoadServerUrlFiles without Thread
2022-08-10 19:17:48,095 [INFO] DetailPanel:339 - Set advertising image to C:/Users/ofith/STM32Cube/Repository/\en.Prom_NBSTM32U50921.jpg
2022-08-10 19:17:48,111 [INFO] DbBoards:628 - Loading board mini-images...
2022-08-10 19:17:48,236 [ERROR] DbBoards:648 - No image file defined for board B-WB1M-WPAN1
2022-08-10 19:17:48,236 [ERROR] DbBoards:648 - No image file defined for board NUCLEO-C031C6
2022-08-10 19:17:49,220 [ERROR] DbBoards:648 - No image file defined for board STEVAL-STWINBX1
2022-08-10 19:17:49,267 [ERROR] DbBoards:648 - No image file defined for board STM32091C-EVAL
2022-08-10 19:17:49,267 [ERROR] DbBoards:648 - No image file defined for board STM32100E-EVAL
2022-08-10 19:17:49,267 [ERROR] DbBoards:648 - No image file defined for board STM3210C-EVAL
2022-08-10 19:17:49,283 [ERROR] DbBoards:648 - No image file defined for board STM3221G-EVAL
2022-08-10 19:17:49,283 [ERROR] DbBoards:648 - No image file defined for board STM32303C-EVAL
2022-08-10 19:17:49,361 [ERROR] DbBoards:648 - No image file defined for board STM32479I-EVAL
2022-08-10 19:17:49,361 [ERROR] DbBoards:648 - No image file defined for board STM32746G-EVAL2
2022-08-10 19:17:49,361 [ERROR] DbBoards:648 - No image file defined for board STM32C0116-DK
2022-08-10 19:17:49,361 [ERROR] DbBoards:648 - No image file defined for board STM32C0316-DK
2022-08-10 19:17:49,392 [ERROR] DbBoards:648 - No image file defined for board STM32F401C-DISCO
2022-08-10 19:17:49,439 [ERROR] DbBoards:648 - No image file defined for board STM32F7308-DK
2022-08-10 19:17:49,470 [ERROR] DbBoards:648 - No image file defined for board STM32F779I-EVAL
2022-08-10 19:17:49,626 [ERROR] DbBoards:648 - No image file defined for board STM32H747I-EVAL
2022-08-10 19:17:49,673 [ERROR] DbBoards:648 - No image file defined for board STM32L-DISCOVERY
2022-08-10 19:17:49,720 [ERROR] DbBoards:648 - No image file defined for board STM32L152D-EVAL
2022-08-10 19:17:49,861 [ERROR] DbBoards:648 - No image file defined for board STM32MP135F-DK
2022-08-10 19:17:50,033 [INFO] DbBoards:651 - Loaded 157 board mini-images
2022-08-10 19:18:26,046 [INFO] McuFinderGlobals:57 - Set McuFinderConnectedMode to true
2022-08-10 19:18:26,062 [INFO] ApiDb:443 - Save user favorites file C:\Users\ofith/.stm32cubeide/favorites.mcus.txt: 0 item(s)
2022-08-10 19:18:26,062 [INFO] ApiDb:447 - User favorites MCUs=[]
2022-08-10 19:18:26,062 [INFO] ApiDb:443 - Save user favorites file C:\Users\ofith/.stm32cubeide/favorites.boards.txt: 0 item(s)
2022-08-10 19:18:26,062 [INFO] ApiDb:447 - User favorites Boards=[]
2022-08-10 19:29:16,005 [INFO] LogOutputStream:76 - [STDOUT_REDIRECT] StartTraceHandler.execute(), success : Collect=true
2022-08-10 20:18:21,176 [INFO] MainUpdater:2768 - connection check result : 10
2022-08-10 20:18:21,223 [INFO] McuFinderGlobals:57 - Set McuFinderConnectedMode to true
2022-08-10 20:18:21,223 [INFO] MultiScanPanel:195 - Auto-refresh data requested => check proxy status ongoing
2022-08-10 20:18:21,238 [INFO] FinderPluginLoader:92 - Searching for filters in installed packs
2022-08-10 20:18:22,306 [INFO] LoadUrlFilesThread:177 - End of LoadServerUrlFiles without Thread
2022-08-10 20:18:22,306 [INFO] DetailPanel:339 - Set advertising image to C:/Users/ofith/STM32Cube/Repository/\en.Prom_NBSTM32U50921.jpg
2022-08-10 20:18:22,621 [INFO] ApiDb:576 - Connected to CubeFinder SQLite database (C:\Users\ofith\.stmcufinder\plugins\mcufinder\mcu\cube-finder-db.db)
2022-08-10 20:18:22,652 [INFO] ApiDb:663 - CubeFinder database Data Model version=2.1
2022-08-10 20:18:22,652 [INFO] ApiDb:664 - CubeFinder database Configuration version=3.0.32
2022-08-10 20:18:22,652 [INFO] ApiDb:665 - CubeFinder database generation date=2022-08-05 (1659688109)
2022-08-10 20:18:22,652 [INFO] ApiDb:666 - CubeFinder database FW Pack versions=[STM32Cube_FW_C0_V1.0.0, STM32Cube_FW_F4_V1.27.1, STM32Cube_FW_F7_V1.17.0, STM32Cube_FW_G0_V1.6.1, STM32Cube_FW_G4_V1.5.0, STM32Cube_FW_H7_V1.10.0, STM32Cube_FW_L5_V1.4.0, STM32Cube_FW_U5_V1.1.1, STM32Cube_FW_WB_V1.14.1, STM32Cube_FW_WL_V1.2.0, X-CUBE-ALGOBUILD_V1.3.0, X-CUBE-ALS_V1.0.1, X-CUBE-AZRTOS-F4_V1.1.0, X-CUBE-AZRTOS-F7_V1.1.0, X-CUBE-AZRTOS-G0_V1.1.0, X-CUBE-AZRTOS-G4_V1.0.0, X-CUBE-AZRTOS-H7_V2.1.0, X-CUBE-AZRTOS-L4_V1.0.0, X-CUBE-AZRTOS-L5_V1.0.0, X-CUBE-AZRTOS-WL_V1.0.0, X-CUBE-BLE1_V6.2.3, X-CUBE-BLE2_V3.3.0, X-CUBE-EEPRMA1_V3.1.1, X-CUBE-GNSS1_V6.0.0, X-CUBE-MEMS1_V9.1.0, X-CUBE-MEMS1_V9.3.0, X-CUBE-NFC4_V2.0.4, X-CUBE-NFC7_V1.0.0, X-CUBE-SFXS2LP1_V4.0.0, X-CUBE-SUBG2_V5.0.0]
2022-08-10 20:18:23,248 [INFO] DbExamplesSqlite:374 - Ignored 31 examples not supported by CubeIDE
2022-08-10 20:18:23,248 [INFO] DbExamplesSqlite:375 - Found 6197 examples active
2022-08-10 20:18:23,248 [INFO] DbExamplesSqlite:376 - Found 89 examples obsolete
2022-08-10 20:18:23,248 [INFO] DbExamplesSqlite:377 - Found 0 examples under development
2022-08-10 20:18:23,248 [INFO] DbExamplesSqlite:378 - Found 76 examples not building
2022-08-10 20:18:23,248 [INFO] DbExamples:124 - Found 6242 examples
2022-08-10 20:18:23,248 [INFO] DbExamples:221 - Found 77 boards with related examples
2022-08-10 20:18:23,263 [INFO] DbExamples:234 - Found 64 MCUs with related examples
2022-08-10 20:18:23,263 [INFO] ApiDb:418 - Load user favorites file C:\Users\ofith/.stm32cubeide/favorites.examples.txt: 0 item(s)
2022-08-10 20:18:23,263 [INFO] ApiDb:422 - User favorites Examples=[]
2022-08-10 20:18:23,263 [INFO] DbExamples:249 - Set 0 / 0 favorites Examples
2022-08-10 20:18:23,781 [INFO] MultiScanPanel:778 - Auto Refresh Data is not needed
2022-08-10 20:18:30,604 [INFO] MultiScanPanel:195 - Auto-refresh data requested => check proxy status ongoing
2022-08-10 20:18:30,651 [INFO] LoadUrlFilesThread:177 - End of LoadServerUrlFiles without Thread
2022-08-10 20:18:30,651 [INFO] DetailPanel:339 - Set advertising image to C:/Users/ofith/STM32Cube/Repository/\en.Prom_NBSTM32U50921.jpg
2022-08-10 20:18:30,667 [INFO] MultiScanPanel:778 - Auto Refresh Data is not needed
2022-08-10 20:18:54,556 [INFO] McuFinderGlobals:57 - Set McuFinderConnectedMode to true
2022-08-10 20:18:54,556 [INFO] ApiDb:443 - Save user favorites file C:\Users\ofith/.stm32cubeide/favorites.mcus.txt: 0 item(s)
2022-08-10 20:18:54,556 [INFO] ApiDb:447 - User favorites MCUs=[]
2022-08-10 20:18:54,556 [INFO] ApiDb:443 - Save user favorites file C:\Users\ofith/.stm32cubeide/favorites.boards.txt: 0 item(s)
2022-08-10 20:18:54,556 [INFO] ApiDb:447 - User favorites Boards=[]
2022-08-10 20:25:50,450 [INFO] LogOutputStream:76 - [STDOUT_REDIRECT] StartTraceHandler.execute(), success : Collect=true
2022-08-10 20:44:37,985 [INFO] LogOutputStream:76 - [STDOUT_REDIRECT] StartTraceHandler.execute(), success : Collect=false
2022-08-10 20:45:20,804 [INFO] LogOutputStream:76 - [STDOUT_REDIRECT] StartTraceHandler.execute(), success : Collect=true
2022-08-10 22:02:20,343 [ERROR] LogOutputStream:74 - [STDERR_REDIRECT] Exception in thread "SWV client thread" java.lang.NullPointerException
2022-08-10 22:02:20,343 [ERROR] LogOutputStream:74 - [STDERR_REDIRECT] 	at com.st.stm32cube.ide.mcu.debug.swv.core.SWVPlugin.debugTrace(SWVPlugin.java:86)
2022-08-10 22:02:20,343 [ERROR] LogOutputStream:74 - [STDERR_REDIRECT] 	at com.st.stm32cube.ide.mcu.debug.swv.core.SWVClient.TRACE(SWVClient.java:763)
2022-08-10 22:02:20,343 [ERROR] LogOutputStream:74 - [STDERR_REDIRECT] 	at com.st.stm32cube.ide.mcu.debug.swv.core.SWVClient.readByte(SWVClient.java:295)
2022-08-10 22:02:20,343 [ERROR] LogOutputStream:74 - [STDERR_REDIRECT] 	at com.st.stm32cube.ide.mcu.debug.swv.core.SWVClient.getNextByte(SWVClient.java:278)
2022-08-10 22:02:20,343 [ERROR] LogOutputStream:74 - [STDERR_REDIRECT] 	at com.st.stm32cube.ide.mcu.debug.swv.core.SWVClient.run(SWVClient.java:312)
2022-08-10 22:02:21,126 [ERROR] LogOutputStream:74 - [STDERR_REDIRECT] 
2022-08-11 18:16:40,424 [INFO] Activator:177 - 


2022-08-11 18:16:40,438 [INFO] Activator:178 - !SESSION log4j initialized
2022-08-11 18:17:08,524 [ERROR] LogOutputStream:74 - [STDERR_REDIRECT] SLF4J: Failed to load class "org.slf4j.impl.StaticLoggerBinder".
2022-08-11 18:17:08,524 [ERROR] LogOutputStream:74 - [STDERR_REDIRECT] SLF4J: Defaulting to no-operation (NOP) logger implementation
2022-08-11 18:17:08,526 [ERROR] LogOutputStream:74 - [STDERR_REDIRECT] SLF4J: See http://www.slf4j.org/codes.html#StaticLoggerBinder for further details.
2022-08-11 18:17:42,200 [INFO] LogOutputStream:76 - [STDOUT_REDIRECT] StartTraceHandler.execute(), success : Collect=false
2022-08-11 18:17:45,503 [INFO] LogOutputStream:76 - [STDOUT_REDIRECT] StartTraceHandler.execute(), success : Collect=true
2022-08-11 18:17:46,337 [INFO] LogOutputStream:76 - [STDOUT_REDIRECT] StartTraceHandler.execute(), success : Collect=false
2022-08-11 18:18:03,935 [INFO] LogOutputStream:76 - [STDOUT_REDIRECT] StartTraceHandler.execute(), success : Collect=true
2022-08-11 18:19:18,655 [INFO] LogOutputStream:76 - [STDOUT_REDIRECT] StartTraceHandler.execute(), success : Collect=false
2022-08-11 18:19:29,974 [INFO] LogOutputStream:76 - [STDOUT_REDIRECT] StartTraceHandler.execute(), success : Collect=true
